2024-03-16 04:02:45,389 DEBUG    root            Loaded Command Group: ['gcloud', 'config']
2024-03-16 04:02:45,392 DEBUG    root            Loaded Command Group: ['gcloud', 'config', 'config_helper']
2024-03-16 04:02:45,397 DEBUG    root            Running [gcloud.config.config-helper] with arguments: [--format: "json"]
2024-03-16 04:02:45,416 DEBUG    root            Chosen display Format:default json
2024-03-16 04:02:45,417 INFO     root            Display format: "default json"
2024-03-16 04:02:45,418 INFO     ___FILE_ONLY___ {
  "configuration": {
    "active_configuration": "default",
    "properties": {
      "compute": {
        "region": "asia-southeast1"
      },
      "core": {
        "account": "564706877122-compute@developer.gserviceaccount.com",
        "disable_usage_reporting": "True",
        "project": "brave-watch-414204"
      },
      "dataproc": {
        "region": "asia-southeast1"
      }
    }
  },
  "credential": {
    "access_token": "ya29.c.c0AY_VpZiZhaPibExOtmfM6FTT_C35Vy_hCmbsGLA5KD_0Ftu6aR6-rMS5StvPzRumSIlx4LCCqS_3UgQo-T_nsnYhHE_YnK3pEMAReelVzRZkGHRFxt0uWhq1t6xtAfnqSe3bAmhLjNbr-SELtknsm7UcWWFxwC686hJdARU8gEcNWaUvoZkSjMAFgGlEC-OHWBdjRsE3NVLfXzIQEckGnS5YAGT9UL7ZphLlqPv905qM7-wIB4CETIMU0Q5QE9mp34DHTMpYnGIODSZRfVdcal1LtzHtQIVLHEZ-Sexa0v7uwGga3zgEjiUNq6cK7vaG_P54vuvIf13ew6y4n7Iyvf0PQfdoluVuKI1o0HMwpgOTCUO_25tln6NNnVcfgPZDEYEsS4JKKsQfj4yIj9w36G-H-nQiamDMgbaRYhZkBFkiucyHt4UiMzeJwQL451Cattpa6wUlk2jQO8qV8v2bmtOIU_5xmf468syIxv8mmpr0-OXeF7pe4WF81J7-yQuiYImyQpn2_r5YjMfidsgBpzdUXYqQf09bvRlc5VlxfRRblvlkruYF2_XeVk9Xvx7m38juJYg-dgqgsRl3k38233Fqhc6YeyUrbSagcce8s0tjJ1SSYZzuBg8WsBxWUlik5FFa9qohwoR3l8sZXRprV9rcrggnR3iW72BYyFgsiUw124ZBaJI9WxbcXjUx_eSYmpbFy4Wtzrx6rqYqd-18q8ZutU7U7eYF8Vloam047OeW-5h_c31U2o1fOnopf5y_8JpYrd4-ijFh592eVfolpnpSXbYoqZSB-cjSa8zvhJYzJSxgg41w9knsBSXFja3Wxb4R79Wn1tB2m5pxyqQYtesX9r07FUo7q8yuv32MnnsemmOVvFmu5gzffIrr3kSs_66Vno_ia_r2lXm818IVqx6IyFmuyfjOz84wwX_iahBuBFSObJBeXwrMuIlqvylQ2O_V_oRspUthfW5xWiYlqocBIgkb44a6w5vy4O-FfsOcn26SokIdFfM",
    "id_token": null,
    "token_expiry": "2024-03-16T04:33:35Z"
  },
  "sentinels": {
    "config_sentinel": "/home/jupyter/.config/gcloud/config_sentinel"
  }
}
2024-03-16 04:02:45,419 INFO     ___FILE_ONLY___ 

2024-03-16 04:02:45,419 DEBUG    root            SDK update checks are disabled.
