2024-03-16 05:57:43,659 DEBUG    root            Loaded Command Group: ['gcloud', 'config']
2024-03-16 05:57:43,661 DEBUG    root            Loaded Command Group: ['gcloud', 'config', 'config_helper']
2024-03-16 05:57:43,664 DEBUG    root            Running [gcloud.config.config-helper] with arguments: [--format: "json"]
2024-03-16 05:57:43,679 DEBUG    root            Chosen display Format:default json
2024-03-16 05:57:43,679 INFO     root            Display format: "default json"
2024-03-16 05:57:43,680 INFO     ___FILE_ONLY___ {
  "configuration": {
    "active_configuration": "default",
    "properties": {
      "compute": {
        "region": "asia-southeast1"
      },
      "core": {
        "account": "564706877122-compute@developer.gserviceaccount.com",
        "disable_usage_reporting": "True",
        "project": "brave-watch-414204"
      },
      "dataproc": {
        "region": "asia-southeast1"
      }
    }
  },
  "credential": {
    "access_token": "ya29.c.c0AY_VpZgRa-AsbN3YBK0Cqw2eAKqFdQHfxgtW7koSZqaSN16g0eMoPzW8rf10hYZzACpO8uF7uarU5QHsiVyz_KtYCNYHsiX1fcTuuKCcx-E4eJJmuHNTrzvsrLJ03msG5tMSyuRIVEFzZ-qcJZ4mCK3iQiKwjkaJfVZGFMF_0PVhAhjmAocDMdYq0jvOuNDWz5g812_LKEsLRtY8fqb02E9AaXQBHAXgL9GTmTK3JofzvS8bUumLhMdWT1S_kTkZMEp5EhUrq00Jy2Tf4nmq7lNTc6EmEtqSOntVhdiY7fVLTnvFaQOgI_WUWfV3FitogX9bcyTQIKvCfuSTMg5f5YZI8Q0z6_1BiaXtTvP1kaLVqNaEsba7dWXqYgTFL1Oe-afP6s7olRiwHRQjC0eNOfwGmMgkdk_ODs1oGk7WvzNjwI1Oxds8WmIKlaxuN453PgIqhRZxln7sYdhSFO1XpWwwI6lh9Jxb-zFzqhalbZugF5a5hm6Mkdh0YM6UMQopMmRxofichm8BwZ_utXU6IzYzvkWjWwIWMZFIqS46rZMxwOaMx2y0dckFznd0_21jgSt-u53FZlqZvIZmOoj_esVZSScz1OXpjdfOe0ilmOyhyaobMkB7mMX8lY35YxMkn5cb9bqBxvjV60rcznSdfpvYYggij_xuc_lOcrXd5-wJWBzhbw_1bajxe9-FJ3QwMjg03y0zicx-_v972q3QWJplJZxvwnpkmZXdkU08rQngk-6kr_gVhdeXOwdlxfg-2Bfynkgofc72Ql_gp7MY1Jngpw4ks_WtYtrBqtUboQQbnIR7amahV0OOVMgf_iuZzXxkp9gv4d0UoxWkOk58Qc-lVZtdJ5oq3yI51c61Jt1YXlJ_pahavf9z1juaiISjb7hjU1lap3JlYvmpqyVv7n5MkI1Ikdxsjrnes0Yvq8sjtY3b4VIkyzWtyrhiJjcRt_RZFUqubYy6UfmV5Vgc-0O_2dpYqOg-8pOjsezlQJjaqS8QtM7eazc",
    "id_token": null,
    "token_expiry": "2024-03-16T06:03:46Z"
  },
  "sentinels": {
    "config_sentinel": "/home/jupyter/.config/gcloud/config_sentinel"
  }
}
2024-03-16 05:57:43,680 INFO     ___FILE_ONLY___ 

2024-03-16 05:57:43,680 DEBUG    root            SDK update checks are disabled.
