2024-03-05 02:55:13,784 DEBUG    root            Loaded Command Group: ['gcloud', 'config']
2024-03-05 02:55:13,788 DEBUG    root            Loaded Command Group: ['gcloud', 'config', 'config_helper']
2024-03-05 02:55:13,791 DEBUG    root            Running [gcloud.config.config-helper] with arguments: [--format: "json"]
2024-03-05 02:55:13,812 DEBUG    root            Chosen display Format:default json
2024-03-05 02:55:13,812 INFO     root            Display format: "default json"
2024-03-05 02:55:13,813 INFO     ___FILE_ONLY___ {
  "configuration": {
    "active_configuration": "default",
    "properties": {
      "compute": {
        "region": "asia-southeast1"
      },
      "core": {
        "account": "564706877122-compute@developer.gserviceaccount.com",
        "disable_usage_reporting": "True",
        "project": "brave-watch-414204"
      },
      "dataproc": {
        "region": "asia-southeast1"
      }
    }
  },
  "credential": {
    "access_token": "ya29.c.c0AY_VpZgNzeTiTBOYV-_za560T_n4SfAOKEYaQ7eTCvaDnP7XrWQ8u_Fnfcj6TRiKCo1RCGRVbWWH5yGB2QGDIYWe_ueNzLyAMarrU_8ja3WsJwfDu4WHkpvDX9KRgQJYbWQ-4sK61eCV_69jqMdx0X8ckecwe-UCvGy0HVblNvFHX4H1KEOEkPVPR_kwnrYxNyWP41Mo-9LKJzJstwx5K90K3lGPeDnRq9x59l8ffTji9M8AqwqCt--tD9mglWtttnVzbe-Kt8xIdqFviCvBQXqn0yDU4xbeUxMRk3Gppj29_TWWUyyu42jO9xyO4f7CEd1kaKDJw8sh7joZQnEurH1bw4nJGdv5cXy25nApqbeCy2sD-YbAZd1gTcQq9H1MF9i4axoZIOdiDHUHGkDENCNAe5Y6QWz9KPIDM3X_GWr1f5JXMu7yd3CAAwG451PtUcrZrtf-6ZVt5a3JI45Yq7Jmcw18Q9gB-3zRjuW_Z_ydhm65UnbnbQ3vof6SX42y7ts6V7fMtZoVigQx3Jh0RZBRZS3IWl8R0iXeme9ZWuSfJvlaiglU2mZk7aWOotXV2jOpzMfv2tWiQOqByekB24wOp4zs4F2qZXl9XcosW82w3_M1VqlQcMFpmR57v3tvUoMmZweUWycSWYtsJ2-huj-Mzn8r-4e04WiR1_lv275432Q7u3m4kQkSlodM30zsYb81soje_MxUqB-_XWX7zZxRMszRlxwIsQ1M_Q-th7hjY4W2tq-ipbXr8xOx12UQOlYu45SJIwM18Z7cdIdlMkgckh5FyuO73W0Soy5v9gSm-s6Ux3bS_VF7-Oe1t3co0BxvyRj0w_asqQhncs3uupbh9i2gruxidtMV9sWlV-perM9oBj5vXuboIFw4cU_RjMx0oyyJRcioSQ1yVmzpw1x08qx5pbuYf3JXw4qMJhYa4ruRFjtk2jzWu8RBkX-JcOyhjRgmzqppkl6ZRYbbe0rfwy46kp5tftnZ9z14F10ia5e9kY5BQMI",
    "id_token": null,
    "token_expiry": "2024-03-05T03:53:02Z"
  },
  "sentinels": {
    "config_sentinel": "/home/jupyter/.config/gcloud/config_sentinel"
  }
}
2024-03-05 02:55:13,813 INFO     ___FILE_ONLY___ 

2024-03-05 02:55:13,814 DEBUG    root            SDK update checks are disabled.
