2024-03-05 08:41:34,849 DEBUG    root            Loaded Command Group: ['gcloud', 'config']
2024-03-05 08:41:34,852 DEBUG    root            Loaded Command Group: ['gcloud', 'config', 'config_helper']
2024-03-05 08:41:34,855 DEBUG    root            Running [gcloud.config.config-helper] with arguments: [--format: "json"]
2024-03-05 08:41:34,871 DEBUG    root            Chosen display Format:default json
2024-03-05 08:41:34,871 INFO     root            Display format: "default json"
2024-03-05 08:41:34,872 INFO     ___FILE_ONLY___ {
  "configuration": {
    "active_configuration": "default",
    "properties": {
      "compute": {
        "region": "asia-southeast1"
      },
      "core": {
        "account": "564706877122-compute@developer.gserviceaccount.com",
        "disable_usage_reporting": "True",
        "project": "brave-watch-414204"
      },
      "dataproc": {
        "region": "asia-southeast1"
      }
    }
  },
  "credential": {
    "access_token": "ya29.c.c0AY_VpZjxf4H3RRzWfyobwuFxkwg8Sofp36RU1nAI7t7nJrigdITV-bjxeuLIeJ0ONhoj42540p7_uY8MkstVKmeIq0_NBA5nxk2avFUx5sJFnH9felrNfGNpEJxngantNeS9aY8tw79k-hnjE7AueWcAp1qb77Z56gqI5f_UwWsc8BY3Mo32sqFb3seV_7aNmZjc-1OI9FynEKCOgPHQSxJ2jhJ7s2Q8ECLfxegyWsxf5_JVhE8yKOzCNX7u3F8MepltpRYJiTN83fKY1pzVINmozo5rAcXkvn5WV5AuL3HdUjY4_iG2MxakkkMHajt2_n2xQPoXEueF2occLV8eOnWDWZGWZg7AWyJERQSNAjHGzkSlu5NNL4QpFri6FUeUEsR7TSaqH1Ban7T-yZO999lj02iGv4hxOsh9zZiEWIKIDGZ_azEpVD2wAMmIN453PbqraeQV4-oX-6ruB-dSQs5lVoXom_s3I61i3d9vdn5i4hMJrB1mU4S7jn6i12cx1QY7w2Vru9Q5WpjFQI0uhph2sVSnFeM0b8UhbUn5k67djtI3kOBxrfqYX3JBi2rQ7Q0s0WpX4Q7wwl19eRUzX7WcxlyvykgvIX15fs2y9xOw2-jnSud1n9QYY_bjp9gRavlMp91JYXwl5Speylp_VOa7b0bcnfO3tOW6tS6pt7j5Qo_12WmOe5M1dqq9MXiWY5F_tyeMu7cg9auYhe9Zjaklfi8XRl9ywq65-Zfz-m9180u_7IuUq2oezpkzcsJVlX-YkrRI1cx8gaxij5v4hMdl1iwRdspYaF_jngd10RSjnrQBWqoIn-XmUdo0Xb1z-Snd6OzRnoQoYW9yBImqkOqcnjZrIS7Fp1Fa9Ip6yljyisUos3BissgcO0IWhbpnOgYiO0Jb2Jon3QJzSvee4fSWUdeq-FRnugSuyskc2po9j4i3Mg1pklI0c5Ofkzzs7YBega5_6caivvlVRvubjfyWIsWglssrYuplqZpQfiheJr0m-lj-JIB",
    "id_token": null,
    "token_expiry": "2024-03-05T09:22:50Z"
  },
  "sentinels": {
    "config_sentinel": "/home/jupyter/.config/gcloud/config_sentinel"
  }
}
2024-03-05 08:41:34,872 INFO     ___FILE_ONLY___ 

2024-03-05 08:41:34,873 DEBUG    root            SDK update checks are disabled.
