2024-03-05 14:35:46,074 DEBUG    root            Loaded Command Group: ['gcloud', 'config']
2024-03-05 14:35:46,076 DEBUG    root            Loaded Command Group: ['gcloud', 'config', 'config_helper']
2024-03-05 14:35:46,079 DEBUG    root            Running [gcloud.config.config-helper] with arguments: [--format: "json"]
2024-03-05 14:35:46,095 DEBUG    root            Chosen display Format:default json
2024-03-05 14:35:46,095 INFO     root            Display format: "default json"
2024-03-05 14:35:46,096 INFO     ___FILE_ONLY___ {
  "configuration": {
    "active_configuration": "default",
    "properties": {
      "compute": {
        "region": "asia-southeast1"
      },
      "core": {
        "account": "564706877122-compute@developer.gserviceaccount.com",
        "disable_usage_reporting": "True",
        "project": "brave-watch-414204"
      },
      "dataproc": {
        "region": "asia-southeast1"
      }
    }
  },
  "credential": {
    "access_token": "ya29.c.c0AY_VpZgx-Vq8fjafUmTOjmCmh2QNG7gaNZzvB_ZZGRSU8-L1EyHChJr-gB3pc8O16c_D3bxueQ5W87f2aNpfjT7HmE31V77yzWYmGBEhIeZPfGSCZh2st36FBr3uCqRL954CCsdw0gQumeUbWOLh2U2eY7x5w_hsyncl_tEwWND72mL_r94rIzqZyVTuSR4oTt_HXF0jxyqyvJL8t66ob_06BF1_I3lnPQcdR0W4fJ4wV3Wp6F1Yg23uAGGDUWtSOyQwRspp-kZUtX9ZvTgiIAccm-ljtdOdjjjStgcUBo-FLKE6Y8lxjNuEAeSVv07XJsGnDQOGupzsIEyff5wAqLL2b4ifJ-CRlkSTczGPNPUFOPbjVAgqFf5974P1yGUzxe8lB_9PZUkpXwywiBCpmavc0TDIbw2x6kuvSRc9hOP6-q-3syGUkGUHTLEH452KWg8_jxU0MF5j42ehQJ0qXabBY4s7z-d-z0VRzdc31mbwpjzvvzmwv02RMfxvmMZ4bvi40qQ0lY5YrBMp0Z-VW8IQfrUFJQO5S2WFVxFxOp6j60z79_izsVmwbucdOp0Waw-luBgimOxj5jYhsnwinRJnt22oWhvbcjMck2eq9xm_f0akQZ4URFV3weuSSp7-137IQuUvI0FvzblXdIjZ4i6uBMW6s-zm_Qel445IJwYtO4JwmMspge04rabu_ObhmrF25-a4ZxkIaoxemJRxS9W4XjFa5v6wbZMiMQI3t3fRFmc7d3nywqoJc8nk9w6xiwirhbUSyOsIJl2V3VVZYx5fvofWotUhg40sU5Y_Ih8XFZSIzIrgdZXeIs_FgbwIuoceUaVRJ7OQQkcmw3QZ3SQsyYoeejr4sXxr0pSMYrhd1puFjsXQ-y__kangOXXhfSnjwxphWi6h55lJ1rIlSoWWVmqls3B-jFlc-oOuFiv08pWFm5SgmZMWU0S0MZIUbtFmgWibYhBiUZtUFFosvV_1WxWy-R_vqgh7XaopUbntal8viSjIry7",
    "id_token": null,
    "token_expiry": "2024-03-05T14:46:05Z"
  },
  "sentinels": {
    "config_sentinel": "/home/jupyter/.config/gcloud/config_sentinel"
  }
}
2024-03-05 14:35:46,096 INFO     ___FILE_ONLY___ 

2024-03-05 14:35:46,097 DEBUG    root            SDK update checks are disabled.
