2024-03-05 15:16:07,600 DEBUG    root            Loaded Command Group: ['gcloud', 'config']
2024-03-05 15:16:07,603 DEBUG    root            Loaded Command Group: ['gcloud', 'config', 'config_helper']
2024-03-05 15:16:07,606 DEBUG    root            Running [gcloud.config.config-helper] with arguments: [--format: "json"]
2024-03-05 15:16:07,621 DEBUG    root            Chosen display Format:default json
2024-03-05 15:16:07,622 INFO     root            Display format: "default json"
2024-03-05 15:16:07,623 INFO     ___FILE_ONLY___ {
  "configuration": {
    "active_configuration": "default",
    "properties": {
      "compute": {
        "region": "asia-southeast1"
      },
      "core": {
        "account": "564706877122-compute@developer.gserviceaccount.com",
        "disable_usage_reporting": "True",
        "project": "brave-watch-414204"
      },
      "dataproc": {
        "region": "asia-southeast1"
      }
    }
  },
  "credential": {
    "access_token": "ya29.c.c0AY_VpZgooiiTJtN65wJ1l9j_MHUowGC7cvTssUDb1oZijgo-_wvxpj54H8UOO2bKgHv2pH8WsiCCvUlUxMY0wEfwJabOeByYcAsN8MZXh6qnPwmLTWzAEoBsXqVcNiSWvLgLBoZrVJ7wG_VponfQb3EVOmPW_UYk7aHsa-xlL75qu4o1a4TGHmT1yDm5KPtMGTipSDlP1Rxy6zYHQLna1tjo6pNnwE8pH9V5lRooQoAEtU8LEr7-FKGITnycrE9s5WwNL63MYpzX5Wi_zSYRH1c8MtV8uXd74ZY1YV__E89uoXMNkutg40zHsS2uCYA42ezGHlCE69a_xnz77ALlMhoF6OBFBd4yFlRGAoWlEpn06hhBR2ucoy-vBJhjJJwBJ6V19fC-aa9qXYr7TXwBg5eECdzfVKfEHgF3xjsHMdcGhBx7pNyEgCGyEakG452A8I7ySWuh5Onwcm6_opMlIvzxdcOWm646YlwX_5UhBO8cZpZyg6meMBIYWVJboe7_ixwMgk1epV1urXXm3ggd-OVaUJxey_8y70Vjg4VWqxak67ZaeMc_rYnI55dzBUMvWoX7238fmyUmtyqzhIB1XvaMrpQeFq-exnrYdZk5kh8gJIxVhloF-zz28iU-QVcSg7jtolscrtWj1vgqmt4dvJfZate6o6hycW345FiSBzyd8BBt5g-JWVbRlzwhpz4lgZR_Qow6yFB8uqn6zfpf02S37fUwn9n4vy7tnffzIBvhao67MU1xZ2V01O5mgYtzUkQSnhq91Qy1tB_232-hn6wRIlnMwihhJqih5w5fdqFxqrOzMwWs4Bj0hob5eZx1h6IFzgSWd2eiBdUOR8tcha0FtlQ4cpSU8f-iuOnmSXFuryu8ve12QY9X39dd4wi1kf2UxOW8mYwpdFsk6Sfk2i94yU-zntJF1RddtZt8_yd8yopBviJ8I2RR1coYp5QBa-Ovqyxfr20fk_hqVlkc2x1vw7OdIkSa9Ise-R8eWSgSec49UcZI9v8",
    "id_token": null,
    "token_expiry": "2024-03-05T15:46:06Z"
  },
  "sentinels": {
    "config_sentinel": "/home/jupyter/.config/gcloud/config_sentinel"
  }
}
2024-03-05 15:16:07,623 INFO     ___FILE_ONLY___ 

2024-03-05 15:16:07,623 DEBUG    root            SDK update checks are disabled.
