2024-03-05 16:10:06,440 DEBUG    root            Loaded Command Group: ['gcloud', 'config']
2024-03-05 16:10:06,443 DEBUG    root            Loaded Command Group: ['gcloud', 'config', 'config_helper']
2024-03-05 16:10:06,446 DEBUG    root            Running [gcloud.config.config-helper] with arguments: [--format: "json"]
2024-03-05 16:10:06,461 DEBUG    root            Chosen display Format:default json
2024-03-05 16:10:06,462 INFO     root            Display format: "default json"
2024-03-05 16:10:06,463 INFO     ___FILE_ONLY___ {
  "configuration": {
    "active_configuration": "default",
    "properties": {
      "compute": {
        "region": "asia-southeast1"
      },
      "core": {
        "account": "564706877122-compute@developer.gserviceaccount.com",
        "disable_usage_reporting": "True",
        "project": "brave-watch-414204"
      },
      "dataproc": {
        "region": "asia-southeast1"
      }
    }
  },
  "credential": {
    "access_token": "ya29.c.c0AY_VpZjwBcr9BfsLW-AOuYcxeq_DoLZoh2UZKhkHOY5Warx_CNTaK3NVXJrzk9vZFphhrAtBTRrESqyhQcCjumVnXytwtzk-I158avZboAKKAmCQLg629wk0r9ap7rUB02lQSa976OJHJK8baYgnTYCJ38WTUl8jnXqqP_ZTb0Xwr7gRr9Ktdjmih2-dpXjP7BRoUl2rilg1ZyvfDEQJKoAipiX0V57FMT_ySYeBnck_teDrgl6o_QO40G4GsQ6_gV413n66vn94v5xDUXa1Kyg-G8AGNGh2ZzX7paUMVMNBM4XT6RFTmhBj6U646LmA3Tkhnvi3ImilBUm5ZP2Ljb0FymeS8fED_uI6l7X8KKYTQpXwI1vgXMdmrB8s2183yBv3cwQr3EaoYDnKTonRbGr7G_2QN9FnMXLyBS-raEi3F_hm2ck3TBpDXDwG452POU2yUuSUZ4ooplvX2vVS9ebphfz4g1YJjXgqBk3pokb8iBt8w1ih4RJXcbFma8ZvWrq_Fwzt0JXuk3W2z3yB4mbsW3g4Z9cV58n5_dh3WOp4RFbkcY_mXfXong4w2WRbIcOW-B_QRvZW-wRpox6Y4ra0mSXOzY6_f2BhosqOcysnwS3_2YI8BkqY0ojIRdY5qjy31_O9FM0Ufvh1uQ0nrB25IUXhI_MkusF-wRI3VJpYlIMIevgnzY6mQ8qX9e0h1xe4y1uW3dbOStYg-1BdFzBp9pggiR5ySpy84gomeFUgm5BpI7jFcw3ixxRal43OzzfvonIiuYa_JoIRn6kMO_bX2jBBlIstQl0fdZjU_ld5856dua2gUOa1ZsSjOR68jSFBrreoBbun5d-vcabc6f-jcMx_9I76i_piXF2I7kz_Jhqdh98vSbp9S-zm3WRdVvldp9mXwMr8y760fz8OVUQdo0h7tt4jtkxd4eoMZM5rV1UtxpfWctzor9tU080UsS26zp-mbznkxxj2ok0MgjM2UOfVZZuqeio0tqxRmcvV9FhJ4kwnVh_",
    "id_token": null,
    "token_expiry": "2024-03-05T16:16:15Z"
  },
  "sentinels": {
    "config_sentinel": "/home/jupyter/.config/gcloud/config_sentinel"
  }
}
2024-03-05 16:10:06,463 INFO     ___FILE_ONLY___ 

2024-03-05 16:10:06,463 DEBUG    root            SDK update checks are disabled.
