2024-03-05 16:21:58,111 DEBUG    root            Loaded Command Group: ['gcloud', 'config']
2024-03-05 16:21:58,113 DEBUG    root            Loaded Command Group: ['gcloud', 'config', 'config_helper']
2024-03-05 16:21:58,116 DEBUG    root            Running [gcloud.config.config-helper] with arguments: [--format: "json"]
2024-03-05 16:21:58,133 DEBUG    root            Chosen display Format:default json
2024-03-05 16:21:58,133 INFO     root            Display format: "default json"
2024-03-05 16:21:58,134 INFO     ___FILE_ONLY___ {
  "configuration": {
    "active_configuration": "default",
    "properties": {
      "compute": {
        "region": "asia-southeast1"
      },
      "core": {
        "account": "564706877122-compute@developer.gserviceaccount.com",
        "disable_usage_reporting": "True",
        "project": "brave-watch-414204"
      },
      "dataproc": {
        "region": "asia-southeast1"
      }
    }
  },
  "credential": {
    "access_token": "ya29.c.c0AY_VpZhivmX3hASkihp-ZoXKLGAD6VE2VduDaBDZ63BhnfXmwsQWWTYQw78W7X6xWVlg1hHsqRrsmqRpI5xsXADG6SxVWKFu9AWea_9wJtcbRGo0EZMO-CA89Y10YroS6spbB0d44pwL3wvVoDVPXr262Q7v5qT0Gsz8uOpuNRHFtj8kVxMYwiHscI2rrLdPLxD6pFE8mLFjCn__RSxgu8QEE85ETw_5tARUAUAsekOg5_mY9tTaP9w7URbaIuhmgt3j42jnOleyL-28pKlQ2Gzr9N3z0TzsoVquCj6UM_wvteTOr8tkZsBiSN11yaNlubqm5O097bvOvcN8YaqdRIFDNk5CKVp2TAIr4BxhxbbYVCysItnt9zXwxMT9_4NR59lmYMTuoNc9f95Gpm3ysu4uzfk2ZodL_3YUbOZGTFyO-lhni6VECCTQUj4G452P0VVIxdvFQyXJhQ0Wj3jaQlmyj5ZI3JahS-JkciibYacwMnfooi3k54nIom67p-wl8lpjI9lYtsOgpkh-xx_O3VVIux482Rw3IciF85h_QWvhZxveb036Xxs72c75xrJdmjI0JZgZYI7kfY4OotpVOIIfsyqj8_Oxo97d1BrMO8vxuF0wQ4r8uS8w-XaOt0RR3wopkzp5iVpx5aujsthuXOeSzd6QYlrsl9WcbX8Sz4bO3rkZp5g8Br7un_SkIOkMnW543qrnQb_MQQ6pdSSi9fqmaOdQ6qfmpSsymzyuFpXfyUJ55RUmsoZu24kn7p1t4QsynejUJwmvywoftm3IpeSVVO11SRyQe79zmUFlb0er58VFFyUf0V6-Usph4Z1h0kR2-nQ3S1gkrh7nfdlqtw2spFYt588U6teri3qMh2QBqZxdMbwq_Oztj0y8gi9tjFoaOj-imOp-0Xnaejzlbpw40ksJtVbfmYUwrh5aolRIBJVefzxJFSvYlhY2MeUS01RsrUc8Sg9xVr8t3vrOnI90sOgbORaf3qj4zS26yYmkr-qb_ekV_U5",
    "id_token": null,
    "token_expiry": "2024-03-05T16:46:25Z"
  },
  "sentinels": {
    "config_sentinel": "/home/jupyter/.config/gcloud/config_sentinel"
  }
}
2024-03-05 16:21:58,134 INFO     ___FILE_ONLY___ 

2024-03-05 16:21:58,134 DEBUG    root            SDK update checks are disabled.
