2024-03-05 17:03:26,302 DEBUG    root            Loaded Command Group: ['gcloud', 'config']
2024-03-05 17:03:26,305 DEBUG    root            Loaded Command Group: ['gcloud', 'config', 'config_helper']
2024-03-05 17:03:26,308 DEBUG    root            Running [gcloud.config.config-helper] with arguments: [--format: "json"]
2024-03-05 17:03:26,323 DEBUG    root            Chosen display Format:default json
2024-03-05 17:03:26,324 INFO     root            Display format: "default json"
2024-03-05 17:03:26,324 INFO     ___FILE_ONLY___ {
  "configuration": {
    "active_configuration": "default",
    "properties": {
      "compute": {
        "region": "asia-southeast1"
      },
      "core": {
        "account": "564706877122-compute@developer.gserviceaccount.com",
        "disable_usage_reporting": "True",
        "project": "brave-watch-414204"
      },
      "dataproc": {
        "region": "asia-southeast1"
      }
    }
  },
  "credential": {
    "access_token": "ya29.c.c0AY_VpZinYzXNBLJCj2m7YTtnMDGztvZZRh4VMhcjBy2FtSsvFty7PxgrdFz1LgvVMhp8k-eOnJ6iJAu6e-SduUHYHoNbcFi2Z-CM5hH8bEoS55Pk-8ieC7sB6ruyAOkbJzS3e9YDyGh7rHyY8JRLC-eYrsNC_itdNh9W7NhOsGLX7p_MG9uNDZjCTk6libXlBhuN8TGdaUZDaByY0GKCIOrKpTbUn5QvBcooLc7I6LSSMnMVTDEspaAneJfiqFOevgfcQ5N969B6xy1bC-gxDi2mnBBoTG9OyDrlqtcENpn2aSOJMUPFiE_QGer49Q2kUF8xIs385IVJ8II0c9YuJjDu6p8L5qaf9Ix2_azLDQaNQln22KBm_ksRbYXuleXwmnNz6FMpjlazOoX3CxTa6HN74rrGHKkjUI043YPDkkiZsVWmNpL9nCaOp2cH452DOY2vZ-0ny1UbZRMOm6gcr6cJmO5U57V5dXvl7MMZkmf8c-BeUV4ropSBQ9ews2YSri7iwdIfZzjbcx_y0h-MVp-eoIZhr3ourF73JbY6V4JBwgajaOXUbV-X48gcXgupV72VqQXufx3OU3UeYsaofkFW9uOe1a-1h8l0ZZR19Xy4svibR5dnYScRI3c0Onngwr1iFzthsW05uWozc3dscOlWiRUdhtQgy7OmQfshaoa7qhsZna5Fu7Oafww7SaFsyVR1h6YFF_6fs8skl0jViqX6VoRjq8Vlz5Muqr_Jbu85qdqMc3IgcpwlUe2ubYjhUl-FFwMufWix8JQddJ0yZendW5nMslZXliaguBQ75drp2F011l9-Ier3cmwQ27Vpm-z_ZquBnwaotacQ_eRXcXBS3eBMnWSXajkgO3oar2V_faaIxIiWa2xwJ7s5RnWWV8yqjs471uz3eFSrXU6lviyvw3UvdfU7R18Uci21hMq1YMdzlotia5RsSedfm2t2qpSVXtcURroi6Z6alQ5Y9Vz0osmkZl87w6qwZhx7ZpfefYrrbJZOYU4",
    "id_token": null,
    "token_expiry": "2024-03-05T17:16:33Z"
  },
  "sentinels": {
    "config_sentinel": "/home/jupyter/.config/gcloud/config_sentinel"
  }
}
2024-03-05 17:03:26,325 INFO     ___FILE_ONLY___ 

2024-03-05 17:03:26,325 DEBUG    root            SDK update checks are disabled.
