2024-03-07 02:52:55,725 DEBUG    root            Loaded Command Group: ['gcloud', 'config']
2024-03-07 02:52:55,728 DEBUG    root            Loaded Command Group: ['gcloud', 'config', 'config_helper']
2024-03-07 02:52:55,731 DEBUG    root            Running [gcloud.config.config-helper] with arguments: [--format: "json"]
2024-03-07 02:52:55,748 DEBUG    root            Chosen display Format:default json
2024-03-07 02:52:55,748 INFO     root            Display format: "default json"
2024-03-07 02:52:55,749 INFO     ___FILE_ONLY___ {
  "configuration": {
    "active_configuration": "default",
    "properties": {
      "compute": {
        "region": "asia-southeast1"
      },
      "core": {
        "account": "564706877122-compute@developer.gserviceaccount.com",
        "disable_usage_reporting": "True",
        "project": "brave-watch-414204"
      },
      "dataproc": {
        "region": "asia-southeast1"
      }
    }
  },
  "credential": {
    "access_token": "ya29.c.c0AY_VpZis7JYdMrbyOmb6PBuuI6gZ99VcFBzCV86DiOpwk_TTYiSpJzokjb1OBmHyQte03R2BJ0Y8B78Fqy-CzPebqmiiSNfn33yfZAsKRHHuVg-5VhMAzZS5qkd6fBOoRnpBgIQVnVFyXC0uQrub34asUypFCbqCE8cLmRtx350HlOHkYZsbCKZaJ5tP6w9DK-_933odauB0FCZfqoOYZBYtyqHFseDd4kSgkHD4XEJhlaK3hzXnoXTB1raCa4VhkdiZJg65DzHMvl9ZvKjVLNqSTiKPwr2iLREjJn7ri_6QaKqyqa8suv2qauhC_g9HqkA85hk6swGHcjx_5RNMcNeHnp3Z4GIaB-cv2Xlux1l55D3m6f7qyA8qnb8r-VFwLUwR3EWJePEp_HjhT5f-38ctIP5POWlIUPt5-RWs8rCWJSiT95tls0yYzpqo-QL455AhZrVkskUqdv1jOQu1_O-bnzgWcQxtMthmolosWJqIvZtkb6iIR1oSWmgJXR_15wpeiJOIy8Xy60gyf3ZOdU1ytl1lwV6pyjglInQdI340StSrw64WzS8QJ8J9FrjxnuY1YBr9yVaZ89h-8g-aVfXS9mRuiiVz-Znj-WYsx9XOn87jaiIksuzIgUaym9XMJ3qUum1R7_ZIVuFui9sURe4ihOt2r7apw2xUJ8qci8_0SQkMIhbWxFZnbYobIjq_SYSwxXQ_zjWMlkcXkxXVqls5lnUb6nt3O_1gyZ8FcfcQd8bn-dViI7IZlaoMRaog-i9az-hgukyuh5VpkBV4sebJBbkZ8k_Q3Oy_4ccJ9YSoY1t5jXOa7dFFZw-7i3Jl1Q1eMmm9ghxzIt6c6bV5IfwtXRp7jqWjmnI9c_k10sjgF6b7tS8vs_ZQ0RwSu56ZbWXilVy-Ig7bOf31SRMuXzB385kvWWo2WO0d4uZ4nOfswIFuyw3cc7W5XRRyVIulm60Qy5OVj__u6tQt_Xaem1-7k4BkFRtdy2SBu-V5tbxOZ-Xs8rhWr48",
    "id_token": null,
    "token_expiry": "2024-03-07T03:50:37Z"
  },
  "sentinels": {
    "config_sentinel": "/home/jupyter/.config/gcloud/config_sentinel"
  }
}
2024-03-07 02:52:55,749 INFO     ___FILE_ONLY___ 

2024-03-07 02:52:55,750 DEBUG    root            SDK update checks are disabled.
