2024-03-07 06:32:02,733 DEBUG    root            Loaded Command Group: ['gcloud', 'config']
2024-03-07 06:32:02,736 DEBUG    root            Loaded Command Group: ['gcloud', 'config', 'config_helper']
2024-03-07 06:32:02,740 DEBUG    root            Running [gcloud.config.config-helper] with arguments: [--format: "json"]
2024-03-07 06:32:02,755 DEBUG    root            Chosen display Format:default json
2024-03-07 06:32:02,756 INFO     root            Display format: "default json"
2024-03-07 06:32:02,757 INFO     ___FILE_ONLY___ {
  "configuration": {
    "active_configuration": "default",
    "properties": {
      "compute": {
        "region": "asia-southeast1"
      },
      "core": {
        "account": "564706877122-compute@developer.gserviceaccount.com",
        "disable_usage_reporting": "True",
        "project": "brave-watch-414204"
      },
      "dataproc": {
        "region": "asia-southeast1"
      }
    }
  },
  "credential": {
    "access_token": "ya29.c.c0AY_VpZixhw8CmThWRZNw8Vo7SvZPPO9vKnm9z01GoigHO0FKSjPQ2N8nbzeACjI_Yt7sVgklgpbGkRGY5qR9NkHkXj_TR8LIU4z607_DZi46d_HxezdF_7cbxyidkEwjcDbk62dBuJpu3IvGVY-jTx-_Lw6E2UO8-uIIIMt2Bj5fuPgOpfG64ErQaZb3XH-klcUg3pP7WABKjYidkWeleLMCScPsCZAnUQHvyc70x4g9hmwGW8kjJ5JqmsMMfNno9qAIkjHUsAd0smmSDUwXVx6gK6xniIdYi9u8uQmtdAfko5A0POfg5R0LGis-aCGyUZlvyu024Z-wg7ZYjp4NnwwmDGknlDWEvgShuiui_h4ui1V-XcjD6Oaxh_LK_UcG6GldBOfuzqfb1y_bGakIgKdwTHloKM3ubAeox9WHI31vKEQo_GBFq9lwbwH451CwVRO5ZgaX5Yhqkf-qyV99eZWwd2QBMV1u0Rv-a2zFRnJIRz00jrkvZg8VoeyRZg3wrhvxY7chvwj53q1ikXFQ8MOwzFj8Iml4IU6_B2MgYxtpswYtgscwXOvWmUdmYI9mn2or2fax89Vctpw5qh6Uf5pSr-eMu6Q6I15Z8JRVuXbbJion4yBz3vwW1snc6UpMOwZjprg_o4qzy7OhqWf09m_Z6m6xuXbIzzpOmX6sOQjyb7j9o0f_O1BeQFVh-6ddRs8XjjkJzSinoXs98-36RYRe1d9votuh_q-5Q3i141r4MVojUZ1bpVfsdpB3RRl6kWZQxOhe0B19wgm3SyB4329dWjaBbhyj-38-bfvaZtq50t_VwRSOBln7I2xzsufpZmh9ick1qj9itXZ6UUSoxa09yUjo878JbFOpUswUb0YuMZfxOVIt11h-p1xcZ_p6x7YdqRSiYYS4oRlIWnMcO4rwShjxWtg_85g3-z-0i2_9Yr5pfiYM7W_0gX8pMbuv55cg84XgknS1YuvJdhgWlUrSn13BZcaiYkWtSoF84iOf3zR_IafOzdx",
    "id_token": null,
    "token_expiry": "2024-03-07T07:29:53Z"
  },
  "sentinels": {
    "config_sentinel": "/home/jupyter/.config/gcloud/config_sentinel"
  }
}
2024-03-07 06:32:02,757 INFO     ___FILE_ONLY___ 

2024-03-07 06:32:02,757 DEBUG    root            SDK update checks are disabled.
