2024-03-07 07:42:03,100 DEBUG    root            Loaded Command Group: ['gcloud', 'config']
2024-03-07 07:42:03,102 DEBUG    root            Loaded Command Group: ['gcloud', 'config', 'config_helper']
2024-03-07 07:42:03,105 DEBUG    root            Running [gcloud.config.config-helper] with arguments: [--format: "json"]
2024-03-07 07:42:03,123 DEBUG    root            Chosen display Format:default json
2024-03-07 07:42:03,123 INFO     root            Display format: "default json"
2024-03-07 07:42:03,124 INFO     ___FILE_ONLY___ {
  "configuration": {
    "active_configuration": "default",
    "properties": {
      "compute": {
        "region": "asia-southeast1"
      },
      "core": {
        "account": "564706877122-compute@developer.gserviceaccount.com",
        "disable_usage_reporting": "True",
        "project": "brave-watch-414204"
      },
      "dataproc": {
        "region": "asia-southeast1"
      }
    }
  },
  "credential": {
    "access_token": "ya29.c.c0AY_VpZhvJDnIjZdjJ8TImsRw5t-5XJFZFdYXfMTEituLpYw6VF8XcLwvkqReXHe9xe6rnprJozPxA2mfvgxW4-qiqGfxZS79CaT3_HOsuDqrmbPNMWmqFVJa6GsDnh2i12w6wdeDhz9miKsvI4m72RQ6glJdRThuODfi2ynT7LDufqNoqPd5gCQAi7NApAnJIHdh_Zcv3LkFWsc6zFvodwFOCbWCFa7Fgz8YqyUgtwZTBm4OpxsQnQDI0paqiJJdyB52CMmBq39M-BgiunujRawDxETRpYvVXSDCddSjaumQKel0ddAK0vjEEppiAInSxHbgogm_SVbQZRm0V1W-OEvHOlv3srhys8CFEyptjW5uMHLd3WMbM4S-d16NCEdb1cXZo1rCCO2f3Mzvguk2AMfdkPj06OL_byUnrbnC2kWH9iJ_CjV92sn41NYE452PBx48sshsRygSZB00Xo_1W1_uibnXpQ_rW8jX-x4p1Vjd9-Ja-Bgpbyzjnna0fgxkZjs8hRVebkYX_1kkvW6mwow8-YB5Vb5Moeuhr_i26weIiwY0VWW27xx5axZUeag9x9uhkRBroVziraonm2g3Ug3joq_1RI24eXmFMgk9amxopJzqWtBjpef3-n51gho8gIJQuSw46lvaWnbk4Brp8fuqh0je2JJr42Yk1bVgZ5Ja8bUyuxqwyboJjeYyY7fkr35VJbarZM0rQX-Vv-IxM7cftpvadXna3lcu8jnbhMkQyiufBW1WsyWU3bFuRI25kO6BSrF2oJphX25_55JzmiOlkZQJI5RzpV5O9grRglysaq07j0Y2vI9kBJw0UVg9Mpasr_M_scIzO4btuk67obyhXFQiqbj-xoMnbeSVsclnF5lacwmamuRhIgVtSvV27VF192reRMV_wS12FWtfaFB-avQYMnuapeof5B41YyXBfBeSXc6JoUgxq8IbOe4xFmaQMyX0iMQjrfMwe6zBjpJ2wVQtek1kYFSp9xo_jbJ8ZXXhr7h_k3F",
    "id_token": null,
    "token_expiry": "2024-03-07T08:00:04Z"
  },
  "sentinels": {
    "config_sentinel": "/home/jupyter/.config/gcloud/config_sentinel"
  }
}
2024-03-07 07:42:03,125 INFO     ___FILE_ONLY___ 

2024-03-07 07:42:03,125 DEBUG    root            SDK update checks are disabled.
