2024-03-07 07:58:48,381 DEBUG    root            Loaded Command Group: ['gcloud', 'config']
2024-03-07 07:58:48,383 DEBUG    root            Loaded Command Group: ['gcloud', 'config', 'config_helper']
2024-03-07 07:58:48,386 DEBUG    root            Running [gcloud.config.config-helper] with arguments: [--format: "json"]
2024-03-07 07:58:48,399 DEBUG    root            Chosen display Format:default json
2024-03-07 07:58:48,399 INFO     root            Display format: "default json"
2024-03-07 07:58:48,400 INFO     ___FILE_ONLY___ {
  "configuration": {
    "active_configuration": "default",
    "properties": {
      "compute": {
        "region": "asia-southeast1"
      },
      "core": {
        "account": "564706877122-compute@developer.gserviceaccount.com",
        "disable_usage_reporting": "True",
        "project": "brave-watch-414204"
      },
      "dataproc": {
        "region": "asia-southeast1"
      }
    }
  },
  "credential": {
    "access_token": "ya29.c.c0AY_VpZhF3d7YCgZGQyoc-WgzNN7_69wQwW1RwKp5180w2uw6WUEMPkiFmdwGInOBa2meyn9fEbypER4VlW50XsFLHTun4wdTZBiUrKaYGOCWPti0YcXPRTMKRQce3UBFTOxCA7TXAm3AgvkpnKFKcHTwXxyE5GQih6lgYJMmM9R4DQuHNFBY8BXxGshcZ5zI7JkqlTZ39NkJbjxbn3sbttCfP6U-xl4NDmeUAERrdrG9wFyOhI0FLxJ2Fe2eHBpAXzH9hIVd8ds59zRPFfpKDL9tfBZhwGTWFq2DTVDmPvmD-lUg2kUl5BNHQCTiryynqVZntxl_1hpwkfNC0T9lgnnaVgaFIA1oKbf_6A_6s-7xHWfEWe2XWpx_5bXQX8maRmYmFCVS1G4k7KmywOWU-lb8VpNuP9ZefgvjrV9JJS5MNOPa9A8UsRJUz4YdH453K3qhIou5v3l7FZ950r1jI_2tIBhx7fX3XO3ynBww7uYMWabk6i0S1FkqFMqFJ577p6nBdgi97IzXJ3bvRbw7Iod7emiXwjrnXFb4i9WY87Vx1dF0-znhmjhdB6ORvwFqIum0u1f_Zpc1Wjb-W0f7X94b3FYtXlkOxXhZ8nVnQg5hZc8st5Rd011snU3rXx4xR0fZr_FjO5Xv2-35ywm5bpwoUZBOF5n0e6u6X8Bki18Xmy2hW8Oc04Mu4M7yw274vhuxI_gWnR2V45ubinekQhYxbaY7Q7gz_X4j85Rck47wMhe4RwzS6xch3wBcw53k2b_Y6jOeF7jjRxi5B8_39MvmvB3JotajB5Ff69j7lo8p5fhlxzcR0zOiJ7pdX0Io7e-tw-gqhJvywfcwIVcmdX2QjS7vakxzyprSsYZzz6wyWStSvMu0Mr8qoJ6UBotk3QjXyQukI3yvi5jWujrbk4dI4JlnUVIaZ3Rzk3J5jBXfXh_Xln3g3cw2yg5u3XcbdalSwOuzUsMsXei1Mo6Sb438MsvOUfaXYf5-hi1Wr2JqmxwBiVMr091",
    "id_token": null,
    "token_expiry": "2024-03-07T08:30:05Z"
  },
  "sentinels": {
    "config_sentinel": "/home/jupyter/.config/gcloud/config_sentinel"
  }
}
2024-03-07 07:58:48,400 INFO     ___FILE_ONLY___ 

2024-03-07 07:58:48,400 DEBUG    root            SDK update checks are disabled.
