2024-03-02 03:20:50,291 DEBUG    root            Loaded Command Group: ['gcloud', 'config']
2024-03-02 03:20:50,295 DEBUG    root            Loaded Command Group: ['gcloud', 'config', 'config_helper']
2024-03-02 03:20:50,298 DEBUG    root            Running [gcloud.config.config-helper] with arguments: [--format: "json"]
2024-03-02 03:20:50,316 DEBUG    root            Chosen display Format:default json
2024-03-02 03:20:50,316 INFO     root            Display format: "default json"
2024-03-02 03:20:50,317 INFO     ___FILE_ONLY___ {
  "configuration": {
    "active_configuration": "default",
    "properties": {
      "compute": {
        "region": "asia-southeast1"
      },
      "core": {
        "account": "564706877122-compute@developer.gserviceaccount.com",
        "disable_usage_reporting": "True",
        "project": "brave-watch-414204"
      },
      "dataproc": {
        "region": "asia-southeast1"
      }
    }
  },
  "credential": {
    "access_token": "ya29.c.c0AY_VpZjmbh9LXU93MVP1LdsYhFWK0AQD3bIfFrmRjt5KbUEJhJ1WSHWGSY81YCt__I4uaURSp0STFX3YWeaz0yiG5TEauYEAKq2YLcIdz2V1hSwbkFA6jLBuzhQ660gylnKWe4jGY1YvQHhupPYFRq5jGMzgPAF3-00_GkFX6A_bISLmJwlj0kOQ_fHuAzrNEkHblJVfnKoAJBGeui_0Q1niFjNlZUZOBdubliHQvg5hx4wGsDuGdCJGmORsetd-9lQU6mpq__rcwIiITgE3eac_zCkqpHWvtSWlP71qUVmHe2PzDDhBefUC7ndQXVlQ1fJWLkVzRUlsI4h2ViU7l3xLiwMIemSOMbCJTqT9GYmGCo1i-zqrMCWWcMjW8Tr1rfZ53FxDJea9TlR1YFLwz3DGe9uuRUV6UIyVNqIjprKIxeeNnJjv9cMnfPEL452CUs27gQoqv-OWWO0qxj2jm9Mk_4pwyqFXwb0p-S3RgY8JkJ4-khhOZbIF02t-tlwgQ2ucs8QFq--n1Xop2IBu7-ant1-OWg-wZO7muogwkFZ_yB4sbfIrV9fr0zO8837V48nmV6vc7Q2njyt_RxSknV09gM41w3shavdqXO36Fi8itk_9BjcF5w6a09MZ_IRI-Jiukjzq8kMxf2Ws4qjWIU575QInabieBIzB8-4Y6u-vX3-w0QzkSh5q-e4QbBVQpeZjd_JjXqlmzeSOMOa1xpova1JqJ0nq49x5Uxzmxbpzqyz-by92xq-QtlIrrxFzWlculifRraIuu2eIQJFcira2kjonxIk-mx5_sJQrlb4Oqq53ZF5fBcUvbUz4Bb43gUj0qMkzilYfuxad7-FvfXbeFXarRUXoj6aS3Umfeau2oq6YaR-Vtn6g7dcwVlZjwXkzpw_-jpVWF7oWBY_y3b_khOqn8Mo_O9b225gttyUMjSQ4l27QSRmhfo_utfvW0jFt7jQZwI4g1vgXVMeUZ4Q7m2Bfp6dtOW22MS0tx6j1ZiSWvltlVs7",
    "id_token": null,
    "token_expiry": "2024-03-02T04:19:03Z"
  },
  "sentinels": {
    "config_sentinel": "/home/jupyter/.config/gcloud/config_sentinel"
  }
}
2024-03-02 03:20:50,317 INFO     ___FILE_ONLY___ 

2024-03-02 03:20:50,317 DEBUG    root            SDK update checks are disabled.
