2024-03-13 02:14:16,628 DEBUG    root            Loaded Command Group: ['gcloud', 'config']
2024-03-13 02:14:16,631 DEBUG    root            Loaded Command Group: ['gcloud', 'config', 'config_helper']
2024-03-13 02:14:16,634 DEBUG    root            Running [gcloud.config.config-helper] with arguments: [--format: "json"]
2024-03-13 02:14:16,648 DEBUG    root            Chosen display Format:default json
2024-03-13 02:14:16,649 INFO     root            Display format: "default json"
2024-03-13 02:14:16,650 INFO     ___FILE_ONLY___ {
  "configuration": {
    "active_configuration": "default",
    "properties": {
      "compute": {
        "region": "asia-southeast1"
      },
      "core": {
        "account": "564706877122-compute@developer.gserviceaccount.com",
        "disable_usage_reporting": "True",
        "project": "brave-watch-414204"
      },
      "dataproc": {
        "region": "asia-southeast1"
      }
    }
  },
  "credential": {
    "access_token": "ya29.c.c0AY_VpZiUheHDVm-mYR2zUoJRK2_a6qe0fYrBZqVdn-nUx4O3eluuB-wwxWssDJTXZaV2-OTBa7UPybJOpzp_RcYoNuDhmH9O1TtaZu7OpXVHFJ6SSmdvDLv96FTgZIxrxrPuSHykFVPJ259hISzu3hqnhqZoj6wOcdjSde0T3HGYoYOuVJ_0kw6t4XPj3k2iW4w3DE1v9gXu-qAWSVQ3-o-OgKC98ftBwzqRWekobBSmQQIoIC4l0TnI2DdczH4ODLGNhVzmCeWc19g455Bc-NDR8Ly5gQ8cWL48ckjzOobjyENc0TLmWpjQXg9cKa6FGRzjQFXnaWcYv7tZt6gyOPnd7OZTfhc5nZg0VDHD8NOIqw_dOlQVn0BIgeLK5y_fu7XXj2mZJngFTycwZzbXMOKnBISMIlkByEhjgINLHwRX68ZjjqvNjHmG02stT453Cq2QBZpuwUs1tV28XtamVjJ5w0x9mzphrfBXSsrac-k4-6MQiac-6OUOe6vIxaxbJYYu_wtbrztkSMqo8Xk-BgZumvdqx09x4dQZ3a0QBdcR2Wji3urus2Q93g5ljQ9aXUJcU1jIisaS77enwMusqsWJIlepi6o_BV_BnOJ_6X37pYMU3ogc9u-xrrFhg9we0aj_RgrXkUmqv8-0csp_u3mfny84bqSbzIZSF6kFRRQrzRvS0at1-6zYlhXSmBaZIMy8y-Vn_cZ6oUZlc-QZlpBkWIh8fgM5iF3Zjn7rhuaztQFpcnw_00YSeyny1Qh9JmcBd48QxugxSb4QjYyRUk6062Zk5cnbFB3a5XVvBWmI7rfhiW50cmb5wv1l440k2wpYSJ1cZztd7aFxmceYltyS5t7j_s3FMQ9zsU1p9dh1VcXc5eu2sSsV5-r60Q-n4dh0FuoRxQhBx4QdgX1di-3BFwkwWB259U1uF-xbesksXaFyYnQwudQi8jOi9Merjga9k56sSIWa7uMuioXqsWrB5dawl2M-m0d8fdBJ3h-c4u0M_Fswa9f",
    "id_token": null,
    "token_expiry": "2024-03-13T03:11:10Z"
  },
  "sentinels": {
    "config_sentinel": "/home/jupyter/.config/gcloud/config_sentinel"
  }
}
2024-03-13 02:14:16,650 INFO     ___FILE_ONLY___ 

2024-03-13 02:14:16,650 DEBUG    root            SDK update checks are disabled.
