2024-02-20 03:59:11,840 DEBUG    root            Loaded Command Group: ['gcloud', 'config']
2024-02-20 03:59:11,843 DEBUG    root            Loaded Command Group: ['gcloud', 'config', 'config_helper']
2024-02-20 03:59:11,846 DEBUG    root            Running [gcloud.config.config-helper] with arguments: [--format: "json"]
2024-02-20 03:59:11,862 DEBUG    root            Chosen display Format:default json
2024-02-20 03:59:11,862 INFO     root            Display format: "default json"
2024-02-20 03:59:11,863 INFO     ___FILE_ONLY___ {
  "configuration": {
    "active_configuration": "default",
    "properties": {
      "compute": {
        "region": "asia-southeast1"
      },
      "core": {
        "account": "564706877122-compute@developer.gserviceaccount.com",
        "disable_usage_reporting": "True",
        "project": "brave-watch-414204"
      },
      "dataproc": {
        "region": "asia-southeast1"
      }
    }
  },
  "credential": {
    "access_token": "ya29.c.c0AY_VpZimYpxgk2rRYoWFiJwt1olug00Ld0j5Z4xqOamZMYKmbjHSWatNdMuS_fzLY83PbJdQyUB0xIQdi0-73zHc9NCL9-nnxKYk_ht_XqsgXcAIk0pPQ4A7tDizTk0d4M_blPM43O_mg_7EK7rWSByq_-HbtI_NNGZ4VrUH6T6BLdbT5vQ3MlsUNOx57eDj_AHdSW68MRxQr_PK3KcmVffXkbxniCZ5JjiaJYlg7N_LsZRJ_YroLKAyTKoyzCBh2dXDJlA44Oquoaim-l9dJpCxEQr8ZIIfDryPvVscs-_GFRPTrlaasAWl5vZbLzDBKutAHMzCa2O8JdLW-egoiFJvCjeSAC8kO4LzYWsqh5fU9ope6UqDQR2Z6VWWKWoC_eBi3VKlj2arGmqqxmSGTziEpeTOVrL2ivRfSXyilkTZe-ca39SYN445PlwrcenppdBFaZ9_8738J-siSp69ig1Q_jSjh3nuxQcpm1gnIJaxmypInxSg1adIzVMuBhY5Oz6w49t0MzyaozuodhdxUe93wgUg7ViM38byjnqiIFs9ryeYtt6t2iygQQ04RF8nhg18k3xlgeRkd4z0pvRppa0Bruu68SOqOoSU0b81JjxcZsihcaBdWd-88M8Vay9yogFXWs55cXpeM-Mo2Y082g27gZ4SnvR921mI7QulVmWBwJxjR65vWcv-implcQ3SX4iiS369F20IbdZbOYpBU5VgIo37V_gbOI6zmx9O1SUdsm6Rhyxn5UcrO-ftt-d5JFbtk2j0fWxaI96b2hdiS8iQnoyFUe0WJytigZB1Msvskh5pBf0pOonlJYbY7n6Bykd2YVWv2inQB57cnBppqUWtnuiobVrRxr-noqIzuMUy-jpovh_lcOwFx-VUVl7u9UjSVSwosaVvhn2J6etfil9IB6aq-loaoIeMyz-2hplMFF7sXeo5gsWS05aFcy_cv3_b7W55oxb4YQORYO2mS2fux2eXoaIb746Fa_sFSnz8Vf-kn4XIrb9",
    "id_token": null,
    "token_expiry": "2024-02-20T04:57:06Z"
  },
  "sentinels": {
    "config_sentinel": "/home/jupyter/.config/gcloud/config_sentinel"
  }
}
2024-02-20 03:59:11,863 INFO     ___FILE_ONLY___ 

2024-02-20 03:59:11,863 DEBUG    root            SDK update checks are disabled.
