2024-02-20 05:28:13,420 DEBUG    root            Loaded Command Group: ['gcloud', 'config']
2024-02-20 05:28:13,422 DEBUG    root            Loaded Command Group: ['gcloud', 'config', 'config_helper']
2024-02-20 05:28:13,425 DEBUG    root            Running [gcloud.config.config-helper] with arguments: [--format: "json"]
2024-02-20 05:28:13,441 DEBUG    root            Chosen display Format:default json
2024-02-20 05:28:13,441 INFO     root            Display format: "default json"
2024-02-20 05:28:13,442 INFO     ___FILE_ONLY___ {
  "configuration": {
    "active_configuration": "default",
    "properties": {
      "compute": {
        "region": "asia-southeast1"
      },
      "core": {
        "account": "564706877122-compute@developer.gserviceaccount.com",
        "disable_usage_reporting": "True",
        "project": "brave-watch-414204"
      },
      "dataproc": {
        "region": "asia-southeast1"
      }
    }
  },
  "credential": {
    "access_token": "ya29.c.c0AY_VpZhcltNlxik-PApL3w4ZEjlj-eIes7FYYzlRIlvAmjst7LdIiduE6ysATBBA2KnoQp9xjJpBECpZrv69r4_rTCyEwWt5cZDvVVbHAJvcRLDu86LZQB7mH9W-WiN_6z37BVU9hg-eJrVJ10mTaRijda27ozzHzeQEaar-UCSwHt5a1vY7nBnB_NKn_gJfBVREwdwVTr8tipYZtqZc2WC3jPBrAWAPBGk3OEcT5focKhYOLN5zZiUoRgQQ6_6Xi82TrdfKCTVOO_TWGl8Hw3_0-XNJiyMYoEUtrOjIXWLDaF_HsF0eLhYI2_SGIYU5LcRqhMhwUcRAtekmq9Dlx2Sbtxn_fGDfjvhQE9Yhc3OumrpefnQoMpiYer0wKsGFYGMcgmH0N9k8KuRxP8_FKN8RM8ihqLDKpenwmqzJX1H4oZLqAa0N444Cjpeoqyxmzlo4-_Znx3ouV7Jvs33RBM6kyySwv_ceU12rR6IIzqp58ekjFVSrue3oxaMc5X5guRwrXZJIXSudO8eSU-f4VVqRhnel59v-QyBybi1vk3il6c37_lt0d8_pF0xZ4aBqkm31xB2JMuh_ajyUYgM2gZRx296oZJsdJe2uu_Ue4xXnvfqXZZbXccQ8RY6BifXq_cv4hs-2W0Z4n6txm52xB8-ch2qexjeYfxeJbaMpInSmwyttBU41d_wU8qpd7fWnizMzs4tcvcv5ccb9wzgodg6g3-3nOlB7ba3mSWdsSIY_qyrwl6p-ndjhYnYMddVWmj5erdtzcwiwXSr4zuYaO80aFg1qFVcpYWdpbQ4g_56BUqluMsMx2hwaXU_jenuzzrWIas3iwXdfIgQ0ashx2ha_sjiJI8w_cjs80aQh-O154ouZZZ4hteYnOmzx2Sye_Bfs0S_vx-xogayI83SiBheupjJU_oSFkmIq8mR5S60aQhye7h33x0pt3jf9igImRlB6YYVl0Y2cMsgjY48gMoyYI1npb8fM7Iv67JjwMXutXnfpSt14WUS",
    "id_token": null,
    "token_expiry": "2024-02-20T05:57:10Z"
  },
  "sentinels": {
    "config_sentinel": "/home/jupyter/.config/gcloud/config_sentinel"
  }
}
2024-02-20 05:28:13,442 INFO     ___FILE_ONLY___ 

2024-02-20 05:28:13,442 DEBUG    root            SDK update checks are disabled.
