2024-02-20 13:51:53,868 DEBUG    root            Loaded Command Group: ['gcloud', 'config']
2024-02-20 13:51:53,871 DEBUG    root            Loaded Command Group: ['gcloud', 'config', 'config_helper']
2024-02-20 13:51:53,873 DEBUG    root            Running [gcloud.config.config-helper] with arguments: [--format: "json"]
2024-02-20 13:51:53,889 DEBUG    root            Chosen display Format:default json
2024-02-20 13:51:53,889 INFO     root            Display format: "default json"
2024-02-20 13:51:53,890 INFO     ___FILE_ONLY___ {
  "configuration": {
    "active_configuration": "default",
    "properties": {
      "compute": {
        "region": "asia-southeast1"
      },
      "core": {
        "account": "564706877122-compute@developer.gserviceaccount.com",
        "disable_usage_reporting": "True",
        "project": "brave-watch-414204"
      },
      "dataproc": {
        "region": "asia-southeast1"
      }
    }
  },
  "credential": {
    "access_token": "ya29.c.c0AY_VpZj6jE8UBMs2jjC_yv_OgOA9Fr1riYqgexF4_6S4DPLDTrQ0MINOwhPymE15ieboePCSokiGe1meqivg1uPNMC8ZvzQsAF_fluTXm4jKeEuSxyWY9AGAaYg1g0dFPF8C0y2l9tNVIvsJcn05lk3lLrXTkE-eIflbCsEgtARZyfnR_Y-697o9jBpYCOtcsxX-yD3fIPNZh5I11L4horGmSCUCm2Xct6YQy_w_QMnsxGZ_TxZcO91KxupsaTOftOHoD98si1qIhBiiW2KYjOv-GTSHy8EctWgPKfEl0Dv2k92lo5X50-R_yyynnjZBSBP55TIHrR0uz8v0QVUDq5OIK7Jo4wNdMp0GtvY_trJ7QAcOqvA_dsyBmIvrOR4jCM2UNnHsv5XPZ0NEujMptMyBPQfgZWPk0FlTxJOaDbBS4eiAE441PhyBkJu6578m5JznBXu6jZ3Zx823U-ywUqd9-VkOk12i1zoMYQe0UtZpto2QI8zcO8poavvkSu3SIbt58X0Q3qXZuY22WFjglWFfsh2QU34vl0Q3xYOXw_o2vvZxthxj0YoQIFh1m67V0tQfo6Sg56oxVwtr31BnMifpxYt-er2BjIq-qg3q44JwonBaifXnzm2F6kYvmV-lbMSUSWbkaMelWbkJi26O-0Yk4SYuIOrlesdyw60egW9dU_lynyRwwdBnhqBeepVmusWzJJZJBbivuvuB_jab4RYwwkWaQqOMWMWqf3ByB2vi-ki03_x71JizjhndO9VRVdrsb5BsaX78yW01MMpbU1q_utFk1xmkt2plZwbYJJsBUg6yo60hSopOo_kW8qf5fdZvsV0_Fhs1aR94i9a-QQOWI38pmhxkaVQVmjUSvw_Ix67xQzqU5QrYhU6iYXOzRpbo8Fv-YX9FkeX-zd-MrhXtYjig8l5Y39S-JlrgmxQdbliYJbYQk67k4BbbF04zddp9-78Xo9kpSmJF0Sxkw7ivw547_VIOtyoaZlg24o9U1Z6hYrbdebv",
    "id_token": null,
    "token_expiry": "2024-02-20T14:03:54Z"
  },
  "sentinels": {
    "config_sentinel": "/home/jupyter/.config/gcloud/config_sentinel"
  }
}
2024-02-20 13:51:53,890 INFO     ___FILE_ONLY___ 

2024-02-20 13:51:53,891 DEBUG    root            SDK update checks are disabled.
