2024-02-22 08:48:47,584 DEBUG    root            Loaded Command Group: ['gcloud', 'config']
2024-02-22 08:48:47,586 DEBUG    root            Loaded Command Group: ['gcloud', 'config', 'config_helper']
2024-02-22 08:48:47,589 DEBUG    root            Running [gcloud.config.config-helper] with arguments: [--format: "json"]
2024-02-22 08:48:47,603 DEBUG    root            Chosen display Format:default json
2024-02-22 08:48:47,604 INFO     root            Display format: "default json"
2024-02-22 08:48:47,605 INFO     ___FILE_ONLY___ {
  "configuration": {
    "active_configuration": "default",
    "properties": {
      "compute": {
        "region": "asia-southeast1"
      },
      "core": {
        "account": "564706877122-compute@developer.gserviceaccount.com",
        "disable_usage_reporting": "True",
        "project": "brave-watch-414204"
      },
      "dataproc": {
        "region": "asia-southeast1"
      }
    }
  },
  "credential": {
    "access_token": "ya29.c.c0AY_VpZgW9e0k1lYZ_WKBK2FMJh1yFbvwtER9ZDuv9041-uMQYpx2Y51It5K9zcuWve11LAP6WzHpXpL3IKuEzP_0FkOfIssQ31Mhr1g4nOpnfKbbETicNhSfs_p6ogSSzEi8KfJ3qqBPCjDzMksE4FlobYVrM1QC-D7HP_LlE96iVNcPnldaV35Ct0lRo0ceBbXskEe6k-cOQtXOBxP_PhJUc0G43kCJ62jTg9V2npZXBOFKM1kueYXVL_N0Qh9wDBbmeYNJX8-2_Anjnh-AVy0kWET2qI7qj9LNsvnaReVbHpdPyAiQawilj6aRBjK36n4GhMAvCJQgSR4Fi1xJlRyrYi7x_MPGo7Dv1d9UdCpgWU5Bjcv_AYeGuYZPoldlOUz7XUdx1NyeWCemkBnBy8rrY5krTfz2rCX7NYnysaai4XSoCAEG444Cnnfd28x0jxmX0hrM8mXMV38Y3-j5mpvF88dly5JWllRavJJ1sXb8pu7Wf4yvnVher6jUm39WxZd07j7Bt4-qFIMB7IojlUBiUbtJqt4Uu1B0_V9Q1Btls_g-mda3Zch8mFJ_8uVQ_pXUg-e0lkx7YqfnkRyvyxteJquIbiJ69uW5YBU8-xfVvM1Wqasjvo4mpiSVBOpoIIx_nq1vyo1gni3cStgzUuw3-X52j7br-fwIJg9vt5ofJXxlSQ4cgQ-QQtOwtjzWXVogYRJae4X2nVOeQ5R-h1Iwjv5Rx2wjFMwIzvBaX9x1BIyO1O-qquSz3d4fYXb1u-3RS2zz_fitrBR-jZpsYq_Mz3S7QR59a40kZfth_ljVjZjkaF33BVqFIRwul4J_wzntarOqdU9beF86Wx3pgfVmp7i9fUrRo1xYzj8sZFfn6VtufqudhOIphkFxv9RosFufs5kZm6V6Wty6Uiw9hq1rggQ6yQURyaxd-ZB8gakeBI7v5S1mXjFuMrugBpX23g2oa8iyks3ldJkmRkQI6-B9hf70uuMrSlYapYd-ZqStgcOBq0rqnqt",
    "id_token": null,
    "token_expiry": "2024-02-22T09:45:45Z"
  },
  "sentinels": {
    "config_sentinel": "/home/jupyter/.config/gcloud/config_sentinel"
  }
}
2024-02-22 08:48:47,605 INFO     ___FILE_ONLY___ 

2024-02-22 08:48:47,605 DEBUG    root            SDK update checks are disabled.
