2024-02-22 09:45:55,642 DEBUG    root            Loaded Command Group: ['gcloud', 'config']
2024-02-22 09:45:55,645 DEBUG    root            Loaded Command Group: ['gcloud', 'config', 'config_helper']
2024-02-22 09:45:55,648 DEBUG    root            Running [gcloud.config.config-helper] with arguments: [--format: "json"]
2024-02-22 09:45:55,663 DEBUG    root            Chosen display Format:default json
2024-02-22 09:45:55,663 INFO     root            Display format: "default json"
2024-02-22 09:45:55,664 INFO     ___FILE_ONLY___ {
  "configuration": {
    "active_configuration": "default",
    "properties": {
      "compute": {
        "region": "asia-southeast1"
      },
      "core": {
        "account": "564706877122-compute@developer.gserviceaccount.com",
        "disable_usage_reporting": "True",
        "project": "brave-watch-414204"
      },
      "dataproc": {
        "region": "asia-southeast1"
      }
    }
  },
  "credential": {
    "access_token": "ya29.c.c0AY_VpZgP5t5iifwzvTRdh0uiJhu_iPnh6g2vZKXDjCLGkpFf8VYXlyG6F6Uy4CNeTZWToDAIDOAhErfq2u1QMC6u6UBTobJdcExuCp2EsC1XAuMWupiR7FMEyvsJ5I5jScpiAikcpGydFof77yvemU8uBu5PYEIgTBzvdcTnXGid-XebqMzgset5RlyUteNc4ErNHAe5CYh1wIhXhgcs_sXEtEMcMpzrEU2ZNEq2B-i1XS09lSmRXkJMdeZ2TR5NlhI933xuA15dmB7vPBOvIACdWYCsjc7Tji6ZO9wxkZNyEALJBpcDFZi2SPiA3Qf04mcICfNvz22fE06xImVrI2Zy997F1Zje56gzDBwD2YvNdxGr_ha4Qa0aaU6yr6aYVS70OGxA_yNuLM34wjKDTeaE-J5uhLbFw1EpdWVNZjcJBKQ-q6gpE445KahSX0nwZbrZUjnm3dc59ksRZegkIW9psmdrQZxQb9mYSYXaJpcg6kwi6vz7-ZzweBY_QgVxnMM5oaV1SkOvMdjJ-I45b2uJ23Va8I5MzB8V7OW_UluqROtOZmXceIS9OSpZf2nUbjmWl2_7lZ5XWOZdnullbY50Q6SInexFvwu7hQYbuqM643bpeIarl0Ub3qgi00hjUBZkVtysZMXQ97onQavnk7Zsgoa7l5Sziei8eu9r8cUdrcW7guXU3kOvmpBq0pi4rqwdklkagQX3p081fik2Zty0vroY9gZkfkRiJmcmthinRFqpZRORcFxZYdc7vc2o-oiudf-bwQOUzX7lY02t2fqh3Z4f06F_z0bcclrryYwQwm-UitSWnkaShbaVqwv42qmjs1pwngy-mMcqc_YV5Ulr6SFJrtv4Q1hoJ4-heQrin5__-XiU-tii-tuWaUppVI3QWlvluMdywuzSrmIazyn-eIrXe-20nwx2uoY8Xkd6p84MvBvfUmmVQR8W7dZx0x2Ih-r_V1jmF5oSV-l8O85fx1eB49kXqmW_W69-nJswQdXUbkywmRh",
    "id_token": null,
    "token_expiry": "2024-02-22T10:16:05Z"
  },
  "sentinels": {
    "config_sentinel": "/home/jupyter/.config/gcloud/config_sentinel"
  }
}
2024-02-22 09:45:55,664 INFO     ___FILE_ONLY___ 

2024-02-22 09:45:55,665 DEBUG    root            SDK update checks are disabled.
