2024-02-22 10:26:05,972 DEBUG    root            Loaded Command Group: ['gcloud', 'config']
2024-02-22 10:26:05,986 DEBUG    root            Loaded Command Group: ['gcloud', 'config', 'config_helper']
2024-02-22 10:26:05,990 DEBUG    root            Running [gcloud.config.config-helper] with arguments: [--format: "json"]
2024-02-22 10:26:06,010 DEBUG    root            Chosen display Format:default json
2024-02-22 10:26:06,010 INFO     root            Display format: "default json"
2024-02-22 10:26:06,012 INFO     ___FILE_ONLY___ {
  "configuration": {
    "active_configuration": "default",
    "properties": {
      "compute": {
        "region": "asia-southeast1"
      },
      "core": {
        "account": "564706877122-compute@developer.gserviceaccount.com",
        "disable_usage_reporting": "True",
        "project": "brave-watch-414204"
      },
      "dataproc": {
        "region": "asia-southeast1"
      }
    }
  },
  "credential": {
    "access_token": "ya29.c.c0AY_VpZj5ZKYfY_PfON-IpCKanJJTz-PccA5eCp1TqmjSsi6acfPu4mD5LhFTxTWXYn-h40JdZQTcRt9EQ7iPR0vtKFMTOFgKWBqVPojc7aDY9cbOgbYSsMgyoN0vnZsjsZkdC-vYRQUSqshKmnTy1CSh0Gbg_5jIVKbbi4ElAaYz4q2IDpOLqfK2X1myKV55JUWBfRXFhvq9gBv2tKJ3UmD51cFDUEC3dWPH4P-Q57a7FfvYTBrUwApMX5pLyQ7woWPmuHQ4M38vr8IzkkYpMm2td8qbCwlHoAV6CMEAFJV803b4cHFThMt8XKISJcceur0iIP-hldvY3TOql9QtiLaA7X6stndqA_MzQjQw4xniBEmeFPbHE04qxog9AkQ3iPR-UvcXzikKix_SLeEsrzOeZXqIV3Tqu8apyuKHK2XX8UszzgG443PdryJX1h5xm1wsRVsBwk267R3ffvcVx_xZBd91Xgnc--4ms7puYavVj3oaagUpYB5QWW_Fa_hJ4n2UIeFF8mBYBM61WoRky6_8Xl7IS4cz_kgwoJsgSatBIUfJusvScV3zpuUdMt0tYaurY33ZvolVcadirUZxXbr55nrlUdUomwIhfUltr8YB-B5b476WY_7hsYz0v5Rv4Qp9wzjwMMgUy1f7YpJBy6BVf_3FVrFag6wvtafBbj-tzpid3f0p_glWUJ9VUjgx38RfVnQ6x1jyez0sbIrUOIpe_cijR1Ovha7u0UmxXz5X5hjS-VO-knYksjrRkJraqyqzQZaRvkfcwpgjV0V0M-7oMvR1QkFyyi6bMg885U7974gyR3fjjnOlIJ2VtFhca_gZjclWkInj3x_jeIk5S_7YuY4q6BSZ3cYbxd6yS8XcxUVFSnq59MZwmkk3hZ25zslM2s8y4oOg91W31iff6rjgqiV5xZl6gzoyOwvliX3tJpRBrM6ld9Rvz9YxOqUv2mQaa4UQuQw8wk-fMM4Bgecfubx4hM4musFW31Rsxk6WkZejyc-k0yX",
    "id_token": null,
    "token_expiry": "2024-02-22T10:46:15Z"
  },
  "sentinels": {
    "config_sentinel": "/home/jupyter/.config/gcloud/config_sentinel"
  }
}
2024-02-22 10:26:06,012 INFO     ___FILE_ONLY___ 

2024-02-22 10:26:06,012 DEBUG    root            SDK update checks are disabled.
