2024-02-28 12:16:00,785 DEBUG    root            Loaded Command Group: ['gcloud', 'config']
2024-02-28 12:16:00,788 DEBUG    root            Loaded Command Group: ['gcloud', 'config', 'config_helper']
2024-02-28 12:16:00,791 DEBUG    root            Running [gcloud.config.config-helper] with arguments: [--format: "json"]
2024-02-28 12:16:00,807 DEBUG    root            Chosen display Format:default json
2024-02-28 12:16:00,808 INFO     root            Display format: "default json"
2024-02-28 12:16:00,809 INFO     ___FILE_ONLY___ {
  "configuration": {
    "active_configuration": "default",
    "properties": {
      "compute": {
        "region": "asia-southeast1"
      },
      "core": {
        "account": "564706877122-compute@developer.gserviceaccount.com",
        "disable_usage_reporting": "True",
        "project": "brave-watch-414204"
      },
      "dataproc": {
        "region": "asia-southeast1"
      }
    }
  },
  "credential": {
    "access_token": "ya29.c.c0AY_VpZgljImU60M1Jj9Cu1yHkYiDmgE2Z4y6pnwSnHKSu3vZMIsTaic_DoSumcq8OLHn6_NbMQaCysOlPDOo5K13iniyPpUEZqYZg8qm349e2A0v2QsrpZGA8jpf57Ai5ToMy1eqyRQomSJyHCp5DN3qSnSM9iR-aceMipbRKpORdmXylhDT69sSwgeuJXa2Dw_mXyGpZAU09JBtCDFdHASXInN6e74avjxWsJ7OwEHKIP2ZpB4gKXn-pC1lRXPIqgCvHAEsDy3_VWQWLQoFsmHmbmPGIjqfQPj1ztst-UUEkroulVE7jxeVhC2y7KhXXl6nIrOFb9_H8_hWBIynyQldaeEFLY7Mdwnl2ApDxNFRLcPeCG7sGsNGGlYkpmOJtPOn04048b8tawdzCev6-0r-xWV_DOoEchEkFoI2p7_fW76SjP0E444CZca9nYJx9IS706_bOkZlxQqU4I1r-ko3ZUOFY6cj_kbaQZOgwoa5a8Mi61b59SQR5I5_rO9xRx2dZkxF33ug0OZrv5BW-J7v18vbrqtomth3rOmiYjVoWOoraQk5zVB6SlxqZVuy8aqIkdp8F9bYxqBjx7blSIR264oB-oXvv1B6l0Z5Q0zFa0RxIk1_S3uoVZ9V9x4slsYhor_uSwwUIYI-g2hpzgiMm-qwb_8rVlnMtovqdUh_tZgMeJagzYzmIihj-2xpk7JjX0fw8VnX5lMcsbsz7vnIdRq9o6USlrxS5Rfy3dOSdnqRknMy1rI9S5Sv01W0-ZJz7JleaVpmOwBQIlg8z12z2zmeU3yMbWMVhMzVz0B6k48W05u5ufqscBMfd1srVJgvom1bduiuUxogpllebSndOFvWyqJYcpa1v8emZRuSg_7lIqVq8Wdu4ZMc7v-bIBXUeo3rujm0jVn9UZqS6_e6gVQmJm7y1-c-9v5bifxisy6yIWsS2o103JjZu7Q0U3cZlQ156mc68_YkgI_3xYqfYBk0nS-zW6i8aQd1Z6vV7il9h6ngwg1",
    "id_token": null,
    "token_expiry": "2024-02-28T13:13:39Z"
  },
  "sentinels": {
    "config_sentinel": "/home/jupyter/.config/gcloud/config_sentinel"
  }
}
2024-02-28 12:16:00,809 INFO     ___FILE_ONLY___ 

2024-02-28 12:16:00,809 DEBUG    root            SDK update checks are disabled.
