2024-03-14 11:00:15,106 DEBUG    root            Loaded Command Group: ['gcloud', 'config']
2024-03-14 11:00:15,110 DEBUG    root            Loaded Command Group: ['gcloud', 'config', 'config_helper']
2024-03-14 11:00:15,115 DEBUG    root            Running [gcloud.config.config-helper] with arguments: [--format: "json"]
2024-03-14 11:00:15,139 DEBUG    root            Chosen display Format:default json
2024-03-14 11:00:15,140 INFO     root            Display format: "default json"
2024-03-14 11:00:15,141 INFO     ___FILE_ONLY___ {
  "configuration": {
    "active_configuration": "default",
    "properties": {
      "compute": {
        "region": "asia-southeast1"
      },
      "core": {
        "account": "564706877122-compute@developer.gserviceaccount.com",
        "disable_usage_reporting": "True",
        "project": "brave-watch-414204"
      },
      "dataproc": {
        "region": "asia-southeast1"
      }
    }
  },
  "credential": {
    "access_token": "ya29.c.c0AY_VpZiAWkRBGXmdm48AlFQ1ivT18Wr0IQVJ3EFwNM3pTktO1l7A8aSwlLfMZ-cFpSzlntVMR_tBersAlhm271lvaecMBbwFAeQLeUKGV8YsY18iY036RZu2C2sxegHtWJHqVhPRtkO8dQD7mED6e3UIeEFAm7bDTZnwj1dQyW4zsFjLqNbAMuw58vvpUos0DSQKmVvGkcq7DPCijUyIsAdhfi5XBVR-ktLwXG-HamOyj2toHUcCArClRkf6QhzZHdnaBsQUnhGnlrUPUSq2dzKGLFSZd4meMtuPOoRJMZZ9DAi71e3KwN53oCNxjLJDcpa0tZIWsCbMxAUZ-UpGRr5QgA7rCftxKtdqq5Om4CNAJqoukAIR7fFXu07U8XOTtkKONLYoPmHCrk2l7OqxtoZJVmKJxlWzUMYxw5cdZDyb6p6N7VXt6uyzyBVOT453Krul_Vkv2Q83B_WF5Z7Wp7X5FmZiizVio8yYqpZYUialmpQxX5sc-wi1pw5u877sbyXwQ2Vll3lm2x8sx13O3plIp4ou45b_3oV-aVeFFQ0q_MQSFO8qdh3Vcut6p9a4wj8SFxrIbJQ6hBQUJd21-Zz_6hptd0ni8iclxOO01_2MFlIB-cyW4iRRZsJ9_ZsUJSizhJFofj8xIdF-q32Fo1ultjSfbI_wcZ8u-fbUWsVx-S9_krMwfUhrkXgcs5_s9j1egziMuJyJq9bzfy0r3n7gpvdgV1-z9eZOpo8w72Mk0MWfZcVMmQc1rW3rZio_fWgo1oe88bcaaaxXOh35Jbg9noItmXi-c9ZgzuFqk4tu5ObOS7j1_yjYM__6ebR-zxVuFJF243VQuyqv2Yhidjf7faiSI85Wqhfteticxx7ya0dfmb7os2OSYgbnnUSqdx_2Vh8RUR0FFc3O5MxwXud3dUjeM3pu_-lI-n3se6tihnm2-OJtr7liJWlURfkQk-VVelyUMxpQWokSzb-nkI3ljRa7FjbqV0t4RiUBl9s-ay09Mhgo_l6",
    "id_token": null,
    "token_expiry": "2024-03-14T11:46:54Z"
  },
  "sentinels": {
    "config_sentinel": "/home/jupyter/.config/gcloud/config_sentinel"
  }
}
2024-03-14 11:00:15,141 INFO     ___FILE_ONLY___ 

2024-03-14 11:00:15,141 DEBUG    root            SDK update checks are disabled.
