2024-03-14 12:14:16,934 DEBUG    root            Loaded Command Group: ['gcloud', 'config']
2024-03-14 12:14:16,937 DEBUG    root            Loaded Command Group: ['gcloud', 'config', 'config_helper']
2024-03-14 12:14:16,940 DEBUG    root            Running [gcloud.config.config-helper] with arguments: [--format: "json"]
2024-03-14 12:14:16,955 DEBUG    root            Chosen display Format:default json
2024-03-14 12:14:16,955 INFO     root            Display format: "default json"
2024-03-14 12:14:16,956 INFO     ___FILE_ONLY___ {
  "configuration": {
    "active_configuration": "default",
    "properties": {
      "compute": {
        "region": "asia-southeast1"
      },
      "core": {
        "account": "564706877122-compute@developer.gserviceaccount.com",
        "disable_usage_reporting": "True",
        "project": "brave-watch-414204"
      },
      "dataproc": {
        "region": "asia-southeast1"
      }
    }
  },
  "credential": {
    "access_token": "ya29.c.c0AY_VpZgFNX7cGcYTb_rhx9FUntwXSDcsHRQhSNE6hLMGqX9DFiS93NsW5scsQBjGHBysKhzYpHCQckLRTFBkbgSOS__DHFIR6oX1aNU1VjejrzgcbqntAHDlzr64mtAoN3E6jWF8gxEG-a1aiIhLUfW4KU2CpoEXhyI5tkamh87YSk66OKng6VQlzYKipkC-PY1PfsYSzhT-YZw6Oa_Kfeo9ptomYcAgi8qgZrSPvI40bqd30BRbqxxKVXoHa66CQR_G_XwJKQ4TO9CaYmMMOoD-61PymGUoLyF69rou4AIBy_1gynB1XoJK0yDenbCT_UXEjFsQYuowGp8WAprsqd9NGpy9EmWjCy19g0Q1GuFQvljuAut6C8mKY7bnjURg1hdOxmrOwP--KPqWmAzuq13vW9GVTW2Vurvr92WX_F0qu2OrXtIGtXhuH449Cq7uwwbgbwtJRWb5mxMs2ovloi2UIZzegct4MhSnWZtMgcpas-IOa955VSF6Mv6sqU4z7FghY3qgSVvXOrW3gs5hM7VIOklO_ks_jm5SJU6jlowarJxoR8pmumoXnayoqIuFIFMJe5QUpq6WnFg4QM9yF_e3b8wnoVpyejzoJlhzei3O4__4Wz8I90B6pURY3wwhYrvO3YJUSxtwzubOsa6arR_1p97kJcnqsMwU4a_VU_4bxd5Vn4xkx5tuBSM8ZZveoXZd21Y11Wc1-7Z--itMFU4mB6eQ8nJpjyJv20UO-4_n1I9RfQebioQymz5Z_nvzliyO0tsle4kOh9w7S960wm7x_ced9t5I6bqgVWjab2tplW0eg9Xn_uJcZzcZJmbl3yw2Y3cqptR94W49w66ZRJ0dcd5-ksa_9XZJzwU0V7jgdqpfOaZ3OMpuOdQiMiByV5pW7g662oMBoO28t5m70_koJSX8Xhuvu15j0O_SBkbwnVfOWFxz8Fe0sxSUsjS8X2I2R2kW7ivYYa2iQ84zkyR8Q4y7W9OYan3vlyYXqdvhtb7cg9BmgtO",
    "id_token": null,
    "token_expiry": "2024-03-14T12:28:36Z"
  },
  "sentinels": {
    "config_sentinel": "/home/jupyter/.config/gcloud/config_sentinel"
  }
}
2024-03-14 12:14:16,956 INFO     ___FILE_ONLY___ 

2024-03-14 12:14:16,957 DEBUG    root            SDK update checks are disabled.
