2024-02-19 04:40:06,557 DEBUG    root            Loaded Command Group: ['gcloud', 'config']
2024-02-19 04:40:06,559 DEBUG    root            Loaded Command Group: ['gcloud', 'config', 'config_helper']
2024-02-19 04:40:06,562 DEBUG    root            Running [gcloud.config.config-helper] with arguments: [--format: "json"]
2024-02-19 04:40:06,578 DEBUG    root            Chosen display Format:default json
2024-02-19 04:40:06,578 INFO     root            Display format: "default json"
2024-02-19 04:40:06,579 INFO     ___FILE_ONLY___ {
  "configuration": {
    "active_configuration": "default",
    "properties": {
      "compute": {
        "region": "asia-southeast1"
      },
      "core": {
        "account": "564706877122-compute@developer.gserviceaccount.com",
        "disable_usage_reporting": "True",
        "project": "brave-watch-414204"
      },
      "dataproc": {
        "region": "asia-southeast1"
      }
    }
  },
  "credential": {
    "access_token": "ya29.c.c0AY_VpZjsYXu_DrBEvyoOljTxp-q4OUmjxWOK_kYdLxKCjbBX27DAIoZWOXlJN-Xjo9pf-z7kGx66dQF7QYXx-yO7bhmxTpldJJ14E_Da1ggqoesC8WaURinHFKYd7M7-2OQvfgxOIpamDYOZ4h9yHkhou-dMkv8WI9V5tjn3CGoMrV2UpNjJu4dsul1UWbWOEH0iqkMAH_cArYxSnWrdjUYsxniEuKjqbth7PR7_6z-T_ZEhe2KRYpGTeanKmOfhuEjfASjOmrcv7EJOa0tFBjj9A_dZTQPORoDfN-hgdOyjvd_RKCL0RhJa7t4OWGgzY1hFBz-mGH85_RjtvyuuwPsE11MAZ9tOko-jozZa7SUTMv2JgJZDLvKtuqu-31f2P7_NPlOEO_Lw5aiP1G62hVax35J-RARd5IFHN4rVnK5fs0CtxgN443CZM7YvRMtcWmoZfXStbIRI29WBZU1ljjac5XnUMUJoqrSIJ9oh57d-ngSOYitw-lqYx4mdnUw40UYwVZ4YMZXIz8tjO9y31dwcOndic2Mx7kxbB0sah6ywJkijf-qRhBQ9Bkrgpm1nvl6juZXf_r_aMh6p9qXYssYWlz1Wwz5-zntFOw0zM05-jjoF8MB_RWQRqrYb8a9tiaX6UV6X19Urunbed7pXat6wegs1nclplydBrd1RrF74vnOxo8r4Veq90qI9cjpfrvSu4M_jVabb72m8iM_l4vwtUn5W25yz3101a5XQlOWgQq9nQhYnio88Oj_wtbkuOISjYSrUlfpddkOtrlmk140XSfI7Jwi0l0akgm8wVvOkb35W0edp4v8mhtc9iexbRUaVtVQZYoO8rb7hltw5pq_nyMrQuwUrq1eItzk26qhB6XJoS1umh7ymBl3mmtwJSf523xsy7vBB20smBxjQnxva1z8VpqZaFvXoXqy-_iWXr3n548Y4bfigmQmnWi-JxMeRyRwsUzMnd8_xBB-0ytV6Fqf0q2hkiUYZgqX7MJ2eXUih_-Op-yp",
    "id_token": null,
    "token_expiry": "2024-02-19T04:57:05Z"
  },
  "sentinels": {
    "config_sentinel": "/home/jupyter/.config/gcloud/config_sentinel"
  }
}
2024-02-19 04:40:06,579 INFO     ___FILE_ONLY___ 

2024-02-19 04:40:06,579 DEBUG    root            SDK update checks are disabled.
