2024-02-19 11:19:30,699 DEBUG    root            Loaded Command Group: ['gcloud', 'config']
2024-02-19 11:19:30,702 DEBUG    root            Loaded Command Group: ['gcloud', 'config', 'config_helper']
2024-02-19 11:19:30,705 DEBUG    root            Running [gcloud.config.config-helper] with arguments: [--format: "json"]
2024-02-19 11:19:30,723 DEBUG    root            Chosen display Format:default json
2024-02-19 11:19:30,723 INFO     root            Display format: "default json"
2024-02-19 11:19:30,724 INFO     ___FILE_ONLY___ {
  "configuration": {
    "active_configuration": "default",
    "properties": {
      "compute": {
        "region": "asia-southeast1"
      },
      "core": {
        "account": "564706877122-compute@developer.gserviceaccount.com",
        "disable_usage_reporting": "True",
        "project": "brave-watch-414204"
      },
      "dataproc": {
        "region": "asia-southeast1"
      }
    }
  },
  "credential": {
    "access_token": "ya29.c.c0AY_VpZiQ0BSiKrhcnlmo1YY5ZyI-M0WUP1zIQ_EBhvBzrr86kkWT0XoGoyryT540NAF8GpIg3PCIBzBSUosFJJy7E2NEb4zUWjsx1nyYi4k6Z57rHcSqM8ePOZdgjL_m6ye5MANjyMYJQYTl7AetHccwfpKLH9JFUsysrrgiIpXPfjT3v1rkwfzsoPQplNOp5ezBiQ5UqWv99miMcEquWOgW_caFmzR5rU9ekHVuJLobLlpAHQAMDmyXcfw7DLkMuW4S5-Qf22sCmGXqatQ3QUs7rh5nsqACKZzQMQI42NlC0Qy5kvLb-LIOct7rgYBtex5BczoL60bXusy_4p0YcQRJcGLMsM1jLfGvTmvkDsSsYc8roQAQyWyrBMXIvdNYObHLyL9mOB_M3f5tefYq_oLLyaBM36cc02EpvW_7gyiaT1mo05KYT445A-YWf5ZJRujJnsUu8vMiqvr05fMdIYmtSJ-Fy3bsYeobmZnjBpVXR3fa9h4l3qb9pOYeRmgBgctQJtg7hJVar-p2rsFI9OkunweJwSlgQkMjqeBqIOugYi5QUkv1r9vSIgxgfZ83de7jWOQaFrjekbSv80lue6ab9XF80BVn2bjIUZwe5bu2YR_JV1mh06aInyhzxVR13k8VMgdI_rSpJ3xhf3MfeJ-_8ZBqiy5lSg4QM8rqcIu3zZt3t5Z45wpxBxInIgcxcWjxxMhsXhRi4rj4kez9rl1tspVMgF_UhucW4nwXZ8BYB2eMBdx8_xWkhyUsm3rua0olRQJ846z0RcWmdUe1xZsi1yhitmrOrpv4RzBl5hWctfOFwfUV6Ryh3OB9spQc9cspmmMwvgnX5OVBU39v_z9Mqts-e1Syy8fIknyqOBkg8uFry8Wqc7R1_4JUkV4XuIB-xS-BqocoZhoj6mg1RtnqiJ0je69txa6bXFl7kf-mqo6iUuxudt-jx9841y7f-ManliU09Uya3sZFRdJy8ynIV_jnngqItBR1I8O7lmQZ_eZ_rk0sR4c",
    "id_token": null,
    "token_expiry": "2024-02-19T12:10:58Z"
  },
  "sentinels": {
    "config_sentinel": "/home/jupyter/.config/gcloud/config_sentinel"
  }
}
2024-02-19 11:19:30,724 INFO     ___FILE_ONLY___ 

2024-02-19 11:19:30,725 DEBUG    root            SDK update checks are disabled.
