2024-03-11 03:53:38,578 DEBUG    root            Loaded Command Group: ['gcloud', 'config']
2024-03-11 03:53:38,581 DEBUG    root            Loaded Command Group: ['gcloud', 'config', 'config_helper']
2024-03-11 03:53:38,585 DEBUG    root            Running [gcloud.config.config-helper] with arguments: [--format: "json"]
2024-03-11 03:53:38,605 DEBUG    root            Chosen display Format:default json
2024-03-11 03:53:38,605 INFO     root            Display format: "default json"
2024-03-11 03:53:38,606 INFO     ___FILE_ONLY___ {
  "configuration": {
    "active_configuration": "default",
    "properties": {
      "compute": {
        "region": "asia-southeast1"
      },
      "core": {
        "account": "564706877122-compute@developer.gserviceaccount.com",
        "disable_usage_reporting": "True",
        "project": "brave-watch-414204"
      },
      "dataproc": {
        "region": "asia-southeast1"
      }
    }
  },
  "credential": {
    "access_token": "ya29.c.c0AY_VpZiwVhjlB8FZqA75WHg0ROEIBeCEcRv-uxzC2KWXDbcn2Ro99alEVWSeTRBixLl_GMr63hZXKJFV0RgHgYBcVaLNBbOKB-pDOqhuX2hsWIEzNYdKnmMM4qMmXh4HDK77ZDyfHybgJATPJK0fhNZh4rd3Geg7bMrviJbXfBDd5HpDI6Ml3jHrlgDsi6Gz6a85KvzWbL8gB3f2iwUewbQ1Wy_Y7A6PKntXYVQmZJFm4jH8WJbIpfnRQQHDG2peBpjK2m0mnVcaaSFWXiRkr-ZLeDQ4OFHYERGvFF-YeZ6cF7Paf22jYa18WF2aEztoJQDwFK2hTvr5I1dcNPk01GCI4OuN7M0GBICojlMhIWfXvxyCdl4FYPus49vFDVquHjNqwLU0nw3PosoFEzSZ59IFaR72mPF8UjAK1HoiN_wwoQHPvDHI7Cf3zfy65wH455Dhhdb52kRlqjI0B8mc8Mzifa4Q0zdFSQo60ico8YMn3cvav3FxuO1jul50zhwohxUrbZ9ym-VJV1oqo9Ruqsxn2WWq2u632aF3-at1Fvc14wrFtfzs0SIFlj7BSOv53lWX257U3OVr1nm_zv0YZB4-UdzyrUZW7USax0-g94UMBQkSQfjv6Se95teJVQJ9Ieeod023lJ-2vsrhXr1fi6Jq1Mf6jbU9e7hBMtjVImgu0QnZMijmIxWkaBp5jSrroZogi2z9IadcQVljr47IOZzsd5SRQUn-nmSsI0-X-snQkyJBj7V0csVJypFlpMybY_0zqqJRF6Y1Q8tI7nZfSxwB2Z-IUJmr_0_svgtWt6mqMsim8YV1Y8cBbRwgdUhge56RZ36y-j6SkBtiqedvJWfdJ9VyFlgqVS97vx-h1zJ0XQnmJRBlJJJf_e-kI1seZbQX811ZujtaryFBO081soYgQJpQwyQ0ZmRnzOIWJv4d4_IZ9tghUjvRX9-yRueeQW_2Zu1qj4j6BiM8hwOuh-h3w4zl7RVt7_sO-Ml8k3-9W0sRmWrj4hQ",
    "id_token": null,
    "token_expiry": "2024-03-11T04:48:56Z"
  },
  "sentinels": {
    "config_sentinel": "/home/jupyter/.config/gcloud/config_sentinel"
  }
}
2024-03-11 03:53:38,607 INFO     ___FILE_ONLY___ 

2024-03-11 03:53:38,607 DEBUG    root            SDK update checks are disabled.
