2024-03-11 10:58:34,121 DEBUG    root            Loaded Command Group: ['gcloud', 'config']
2024-03-11 10:58:34,124 DEBUG    root            Loaded Command Group: ['gcloud', 'config', 'config_helper']
2024-03-11 10:58:34,127 DEBUG    root            Running [gcloud.config.config-helper] with arguments: [--format: "json"]
2024-03-11 10:58:34,140 DEBUG    root            Chosen display Format:default json
2024-03-11 10:58:34,141 INFO     root            Display format: "default json"
2024-03-11 10:58:34,142 INFO     ___FILE_ONLY___ {
  "configuration": {
    "active_configuration": "default",
    "properties": {
      "compute": {
        "region": "asia-southeast1"
      },
      "core": {
        "account": "564706877122-compute@developer.gserviceaccount.com",
        "disable_usage_reporting": "True",
        "project": "brave-watch-414204"
      },
      "dataproc": {
        "region": "asia-southeast1"
      }
    }
  },
  "credential": {
    "access_token": "ya29.c.c0AY_VpZj05FpVRO0MhofpyrIZgB0q9UqwmBGDKZ5davzkNt2fmbGXZmH5TOxngYjGv4QWiDq0z9jl0OFBrY0-1ybUYdw66l97zH4oIhiUO6oQ8kCpGEu08TcyGZjFlnfa_1NwTkpiYGqI33fJPmFqWrT6nFYYIKSNNMox9luKoJCK82VmRUqA0cavs58iNwhdyx8aPtlDYLCU_GtUnwpE9zizKejF-_0CMwIHWZxcaASw9uDSJ63ReYqyJd0LxRiXp5bJRQ9-B85nES91EEebG33FHZ2d0BpZ8vJbgPcth1gcN6fbhNawqOrT2JOnDVewOUFFoZHL4uK2RG3TGuSC_T0_vhXo9wqYHAH3IJQGziriXE2I_ahspxSqBHp9cW_JxDkTVZKGKpclU2890WNDXPsC7gxwaQqrDDMPin74cJ28lzPgc0AFaT78dQE451KjqZeuR65reURBedmlqZ5ofgn9Qjvhaoc7Is-xVloFB-w06tccgqrhIof_Sn6ZoR-ccyupx9Z_tSdxBBZqioIx2Yz2IfJXg8JkiaQ1537bIIYywWgt0i1ixBb6m2enbbp5V9FUgam4WoxUYoYjek16gsJ294_VzOISdxXwge4ZISJ2jbmBZgBB3B9Y-JW3RVxun70kuZ0qdbkaunyadBBZvJzpVk2W8Wq2cbrrWyWop33zJJJbq6ntnexWcgbMRlaSvlg89OuJut0-aypURFjU8BUUjztnQX6pR1I3ni7YqQFbJdSRjel093zVwucn2webizc8uukJeegOcdh6Rx3nl9qbF8s552Uyyib8xtJYx4cp-i_4joVy1IwX_wX2zpeoW7ctR8-ggWJg1XvjI5viFyyjzaoX6gZuSORZYzkbRh2XcO27vJqoI-1-Il76U2iJj-F_gM4FB0ro8I5VdmVmsabuIXFrYgW98s1QZOggBiW_tffJp6a-b32I8f11j6ezk_lk3b6lvwo6lqojwhF9tlf3rOt9sZVIlOmlIbd00Qj0IRWi4ka_h2O",
    "id_token": null,
    "token_expiry": "2024-03-11T11:24:05Z"
  },
  "sentinels": {
    "config_sentinel": "/home/jupyter/.config/gcloud/config_sentinel"
  }
}
2024-03-11 10:58:34,142 INFO     ___FILE_ONLY___ 

2024-03-11 10:58:34,142 DEBUG    root            SDK update checks are disabled.
