2024-03-11 13:25:42,761 DEBUG    root            Loaded Command Group: ['gcloud', 'config']
2024-03-11 13:25:42,764 DEBUG    root            Loaded Command Group: ['gcloud', 'config', 'config_helper']
2024-03-11 13:25:42,767 DEBUG    root            Running [gcloud.config.config-helper] with arguments: [--format: "json"]
2024-03-11 13:25:42,783 DEBUG    root            Chosen display Format:default json
2024-03-11 13:25:42,783 INFO     root            Display format: "default json"
2024-03-11 13:25:42,784 INFO     ___FILE_ONLY___ {
  "configuration": {
    "active_configuration": "default",
    "properties": {
      "compute": {
        "region": "asia-southeast1"
      },
      "core": {
        "account": "564706877122-compute@developer.gserviceaccount.com",
        "disable_usage_reporting": "True",
        "project": "brave-watch-414204"
      },
      "dataproc": {
        "region": "asia-southeast1"
      }
    }
  },
  "credential": {
    "access_token": "ya29.c.c0AY_VpZgW4tLAKYxbTMh14w5LiOAC9izQrEScbx0AcyLGoTEBf1dtBaWpQ6hnLMDjf33QHPG860BDXp1v3wvhq8HcnqbGkfkFmGpot_XdMQhjfU7mRzjR43hWxS8979uJhifBrRZHtdZebfAWZ8U_B1MyXjn7uh5_LkiDqQ7CD1VEUQeSU4kZLGm8UX7BOHCoirlSrJgvhfrne_xhwNU8YhhoaCiaYJ9I_ZnxVSzLaBdfbYFRz5xS0MzXCI8Jcgff5OwaLAkvRwktsay4eyRJA4m8Nl7WuXr7C8K0ELtdqCRkxQ6y3Wyyg34mt_PNxRyIzp75n1x_-NZl9b12n9MsUJ-042T3WaMsFE2Mjm3nA84f3CcOrZPOA9qXNEy2IehGGBaBVzhe4CXYMi3xL7QFJSlsXuX6G9HdAIztZU2w4h4TNdJm2g3D5hDBYQG451PjOaZFb0YU-ZhjzyQQjMIyu6wohBFV8blXU0JwkoOBF9WmWS7X343WhxFVSyeUZp85Orxbjlom4R12Z81Of3oinUcayd92OwVZfrt5fb1xY2YVq51dQg9j5I7Ib-XQvZb-7cMdXpfkn6dOW2hBmcgi5OhM8IyqStwOo0ef-te5md5fnYhySiygM1cj5QdmaY7-Vx-6fgBvrm8fFUbU0MOxwcvcO3xf0igd7RyndgqFpnUrzpxlFmdQ-_6w0OecxJMdSIsqr-sF8BzXj1UknB2fU9IW9sO3-3_eof0URzo2tZpWXih24aczJYkVmvl2xUdUY306I8rWY_udieJ0J2ltWoddJqmti6esQppF3_eqgQWbFz7bvZX38qhm56O09m3Yq0ojkXdd4qu-7Zu2r8p7BYf_ivwSp35JFwtvlmO5SM6YhvZXuet2SlRZmfrQi1ce7ZXUsV6Wtc655tbppYM3845xYqOvin_nOO9mabgvmowz2vsVaJ3uiun2IU4BOWvkSRz6nxuwZridBcnhetVZ_2Si1Inedo0zecvs-WZ10f1el39ia43Qlbs",
    "id_token": null,
    "token_expiry": "2024-03-11T13:54:18Z"
  },
  "sentinels": {
    "config_sentinel": "/home/jupyter/.config/gcloud/config_sentinel"
  }
}
2024-03-11 13:25:42,784 INFO     ___FILE_ONLY___ 

2024-03-11 13:25:42,785 DEBUG    root            SDK update checks are disabled.
