2024-03-04 03:27:41,484 DEBUG    root            Loaded Command Group: ['gcloud', 'config']
2024-03-04 03:27:41,487 DEBUG    root            Loaded Command Group: ['gcloud', 'config', 'config_helper']
2024-03-04 03:27:41,490 DEBUG    root            Running [gcloud.config.config-helper] with arguments: [--format: "json"]
2024-03-04 03:27:41,507 DEBUG    root            Chosen display Format:default json
2024-03-04 03:27:41,507 INFO     root            Display format: "default json"
2024-03-04 03:27:41,508 INFO     ___FILE_ONLY___ {
  "configuration": {
    "active_configuration": "default",
    "properties": {
      "compute": {
        "region": "asia-southeast1"
      },
      "core": {
        "account": "564706877122-compute@developer.gserviceaccount.com",
        "disable_usage_reporting": "True",
        "project": "brave-watch-414204"
      },
      "dataproc": {
        "region": "asia-southeast1"
      }
    }
  },
  "credential": {
    "access_token": "ya29.c.c0AY_VpZi5stb6-Azq9GEHUhzM5oO4FTiGFb0Ws0b_ECJGz_kTeDd3tnaSkTabpc0fmbDJTlkVPgK4jPfs5okW8TpyW7ogdqvETgNaqE6LQhlMZVcpuO_bNIgbQf0xiLH7IzgS96zypQy-qVw2vPZBs3VSyoWoVtmDFYmvP0yFd--Uiyq6GHAMLSXJ_f4b-1tA-laq8GsBQGRjcF3peMGboQehi3x5hWVTWSkk8idoEUNPJrLHCP-eUdYrsH8PiXqWGsGUVFr0_cNe6MaAReBJmXR_9r0sj6wKvqTac47UwANV7yRIJHAuUSBY3ryySRVkpBSrKEkPMe9-1i96SSfn30OXvsZE9cCva5pGtwJsV2SJ4OYjG0rb1oPy3ooHNxK5SYOr_8erJY3SZ1_La9Ro1g_A9PdRz2fFG5sg5ZRQ5LLobLnPWMmHF88uNAG451Afjk4vxa8ijFIi7Rqqg7fsd2duBzm-ZRk2Zwos0y9WuBhhwhale7c6diMVUdy69U3xWdzn2F5yXyBwI7VlXeBoY9MUBVQW5-789amU91uojkZFIX9QtRyddiRbubrbgbQVkR2Smm--fQgFumo_hU46OlM8gnQblnt0lau40i3aiZunWQ5mlWM-ppo0c3IMp05Vn_dwahY-hR5mI3cbthMp9WF0S-uxYq6xh1gBwauwg8S9QZ8nbs81M7Zy4ethUOIMzrF8gs4Sxt5_fXUu5qcZUpmO_m5kb5_wfBqawtx5vI2cOv1aiuJe0BjlqWtvk74qzauc3RJcngpds0YikpYgJmcyjW_Zjlu4-pyI0x2Qgs5-onYscM34i2ImWlYY10Qb6aRdlkhrcanphld1hcRjdYS2zQ_SvOB14F1o79j-dlJt5to396MgzUwiiBQ1ojz4kyRhQk4womlbdMIBd7ZUF07tiV_o3W-kBvc5zugntZMj1JakVlajXFMtdqsWa4Vfbp9gtv9v8vk3-eZzmJzfzszqB6y-0uXpeekkpJ7uOJ30evyhFyff4cB",
    "id_token": null,
    "token_expiry": "2024-03-04T03:52:05Z"
  },
  "sentinels": {
    "config_sentinel": "/home/jupyter/.config/gcloud/config_sentinel"
  }
}
2024-03-04 03:27:41,508 INFO     ___FILE_ONLY___ 

2024-03-04 03:27:41,509 DEBUG    root            SDK update checks are disabled.
