2024-03-09 06:31:52,500 DEBUG    root            Loaded Command Group: ['gcloud', 'config']
2024-03-09 06:31:52,502 DEBUG    root            Loaded Command Group: ['gcloud', 'config', 'config_helper']
2024-03-09 06:31:52,505 DEBUG    root            Running [gcloud.config.config-helper] with arguments: [--format: "json"]
2024-03-09 06:31:52,518 DEBUG    root            Chosen display Format:default json
2024-03-09 06:31:52,519 INFO     root            Display format: "default json"
2024-03-09 06:31:52,520 INFO     ___FILE_ONLY___ {
  "configuration": {
    "active_configuration": "default",
    "properties": {
      "compute": {
        "region": "asia-southeast1"
      },
      "core": {
        "account": "564706877122-compute@developer.gserviceaccount.com",
        "disable_usage_reporting": "True",
        "project": "brave-watch-414204"
      },
      "dataproc": {
        "region": "asia-southeast1"
      }
    }
  },
  "credential": {
    "access_token": "ya29.c.c0AY_VpZjJVV92hbqf3aVQ4TzwmuGCLR6kXB1BPU7_ExTVLU8hwT-OO0bUooMwwmQqUXxluaZJQU9UDofkZmzcjfi5DlC-O6a4x2GUPCLDBEao0M_LHIE12_uhTjqhHMcTovKGuDGfAk46kqX3oe7a9BVlrL5FI8_VgR_Mk5-aa0Xyht7hqT-utTXOET5CnQ3ggv_WUMgPpHjaPrYu0ewYoqjN6WeeyIp-JDC8J5_MpyeaPQkqDoxLJr-rqwhCg-MEq6T-CCNLce7oSWrV7HQmn-iSgsOy03e5JqjXr1k-6L6SsIMQh-8nQVH51eLErx8jC8PsC9vWh7tYEPuUnnqfG18oF0aVVBcPhAcnOp3caZdLkkJEoEe5vhBpOhW9WmB0onuMb6wiU9lP7s-XOhQi-mhC46p09U1UV394NP_fSzgpmkY4tpJR-LLcJ3X1E453DSkjBjplwnOx78h8aYtnsZb9foZmdZisdjRdFISgMZg7206ykIZzQg9OJUQixpu78pu8feuffVxfp3xgpOx8XXb7BX8BM4mUI9Jy41Vi-93zvuOvQ_OZF0ajldnknoxbdVs5X6yibbii4_O9o4usZ9fzqMnU-s8Jl-QnUjrFae9Mcj0fV9vYe4w2utsssilmFsMXIs6Qw4JOO1b6IcXFS7eOa5wrWOnyRmFovoI4g17Um3JaI0J2qhXcMrorvd23IgSQeWFquZX9tUiWt0Z4S1-W1ByOR4YYnFSVjoxYBRc-_1hlvvRQ7wuhJ7Yjg-uct9s9QozFXjjqFRjcFk99Z-xZ6ObXgcY_85_R1v_SV2eu69BWBFZsu6symweF4amelXhWbJiyosujvRhs9tVr38X63MrWR0VBz_7_tra63meYfkZ3cjnOpe9W-yuIxr_O-bjkyJlQ_zWlzpqaOFduuFx8mQV_jgxlUbQnjiqJsxig2F-XFjFXnpw3f5ROvf8baZ65t5FbcvQduRUBs8aZ_hlwIBYfwmbWSB_9rrrco6dcz4Fswnhr4jU",
    "id_token": null,
    "token_expiry": "2024-03-09T06:39:37Z"
  },
  "sentinels": {
    "config_sentinel": "/home/jupyter/.config/gcloud/config_sentinel"
  }
}
2024-03-09 06:31:52,520 INFO     ___FILE_ONLY___ 

2024-03-09 06:31:52,520 DEBUG    root            SDK update checks are disabled.
