2024-03-09 08:06:09,770 DEBUG    root            Loaded Command Group: ['gcloud', 'config']
2024-03-09 08:06:09,772 DEBUG    root            Loaded Command Group: ['gcloud', 'config', 'config_helper']
2024-03-09 08:06:09,775 DEBUG    root            Running [gcloud.config.config-helper] with arguments: [--format: "json"]
2024-03-09 08:06:09,795 DEBUG    root            Chosen display Format:default json
2024-03-09 08:06:09,795 INFO     root            Display format: "default json"
2024-03-09 08:06:09,797 INFO     ___FILE_ONLY___ {
  "configuration": {
    "active_configuration": "default",
    "properties": {
      "compute": {
        "region": "asia-southeast1"
      },
      "core": {
        "account": "564706877122-compute@developer.gserviceaccount.com",
        "disable_usage_reporting": "True",
        "project": "brave-watch-414204"
      },
      "dataproc": {
        "region": "asia-southeast1"
      }
    }
  },
  "credential": {
    "access_token": "ya29.c.c0AY_VpZjpVeVXrpoXXrbuPCxckAGVvcKZg7WFF-DVzFC1kNXsclVD6UEP_lCzNrvxe980Pt2iLUj2W7QmXwf_elWekkaYX6udgcwQrxSxw8E3lEmHV8_zRRG25SS2LQKXHPcFhvp_eSBpzW22wsM0YfBFjxYYSwadQkymZ0ts2bSdq-J50zaOT2LlYOhdklqora3nC1ySevhrHalU8CUgrY_ZjURHSFxXwJKmmfiAbOthhUFmPunALIiGe_HCwKk-nQ-UiCmNgz3uBINtiz2eAoMTPJVnc_UHB69NTvRL2kklnVcOhMNZBnqiq7EZq5iLalyvtj4APzWm0LQmaNB9r0IelFLeqCACdM0L4ws17f8FbxajO-b52YocAQnK5qyz4vMZUsoiHYKgOBhz56JFjGfOtMAMt4kvk1sbKqt3Myb1Kld2eW2Qs6655TsN452P_RjM0cjVhbJYcU0tJhnYzyiRraZSd0zb7h935SQ2zoU-SuXOMssy4Ft4jWZjSgkVU84Q047Qa0UpUOVheMIW7Z2p1q_-xjJar-Zjvjh2iM5hWgx-xwm5OtMtnwocz7aM0Xtv-imFhwnfu3R31ywcJ6-Uz1fOqzYBzkS-vM40UJw4OQM4s_QxtmSm_U2dgl1z9-m2YhdIvgsw4Qux-WbvyJ7BbqeunuJ5S8hllwa-B38VuY_-9vgXmlI6luFgcwiaSfzgkuSrS-t1fqot7kfzZXQhZS8WtWUIlZs5yy19fJrs96IcIUWFpFiJbMZItqvisYJ7ah6MWxs_O4S3_x5ZeW4sRlyhZR_6Jfdi_3U-uaFm6mSgaV2-6vqppX6dh3jbVBkv78awU5jfJJoRrbXaqBJFYFRpvkaJmbza4J3fYBYxJwjd8UOqFYOOVIF_ofJwpWc9Yr66ju6_iQQijgfBvue07mFSfh9OOZUmg13iIhq0tYBVJhvZyW7yBYvpslRqonS9f9Jkw7_Id4bvaeMYz1sWb45ikZc15w73gihoyqBlYmVpWlf3Vnd",
    "id_token": null,
    "token_expiry": "2024-03-09T08:39:57Z"
  },
  "sentinels": {
    "config_sentinel": "/home/jupyter/.config/gcloud/config_sentinel"
  }
}
2024-03-09 08:06:09,797 INFO     ___FILE_ONLY___ 

2024-03-09 08:06:09,798 DEBUG    root            SDK update checks are disabled.
