2024-03-09 08:54:51,708 DEBUG    root            Loaded Command Group: ['gcloud', 'config']
2024-03-09 08:54:51,710 DEBUG    root            Loaded Command Group: ['gcloud', 'config', 'config_helper']
2024-03-09 08:54:51,713 DEBUG    root            Running [gcloud.config.config-helper] with arguments: [--format: "json"]
2024-03-09 08:54:51,727 DEBUG    root            Chosen display Format:default json
2024-03-09 08:54:51,728 INFO     root            Display format: "default json"
2024-03-09 08:54:51,729 INFO     ___FILE_ONLY___ {
  "configuration": {
    "active_configuration": "default",
    "properties": {
      "compute": {
        "region": "asia-southeast1"
      },
      "core": {
        "account": "564706877122-compute@developer.gserviceaccount.com",
        "disable_usage_reporting": "True",
        "project": "brave-watch-414204"
      },
      "dataproc": {
        "region": "asia-southeast1"
      }
    }
  },
  "credential": {
    "access_token": "ya29.c.c0AY_VpZiqRabYtFPL67rB605b1_nbSrfLH3uvjkDzeERj1bcja4xMBOpnCoXBZmBbzUaURxOEIYClmd80VjjF_-G2xXBtWuY39uDt0JtqWyv8p8tmN-XXg6g5Rcw0eHbmdqDi3wT5AGsi4OGtscReT9z8vNoYifAvL-u-VOxVI-NQ3cGZHzldC1SPfI2NGd983VfT-KtGUE0wCBEgnMYQd-q6R3tTFR0pbil_3t8XvBYMU3y6Y2tlGuJWT1YI1kpG8MwUjDOQgRBwNO2-SJsZ2am2MxQUw01tjbBs5Gy2bRwYmEWASMfiN6rmOFKBL4QB-B-732v3GRwW14vI6qJ7WOt-sYNtyoG2BroWJMPamC9VfTWx5sTYr93FzxQyzRAHOe6yNLHiFZK49fsZrCZCkXdJn9LYUuR4Knh_RLl9nVdQ8GKGnsqDkiqbEjMH452CuvrU0SywsRl-Oy4fJX9rwO6JOUqaqox8_Ra7F7_WuO6t3qV28ifq4Vm4m9pu9saF5w0mOZJ1_IbIjp1MVBUZ9ZXW7Bvl_IIx6j_hfVYtU_gIgIS82h_quaovfoY_i6uekr-I44rsc6r4UoJ7tF-oFcWY5b8mRdpXuyiIX1hv83BkowBv6yrW9ZFx0k8Oajs6sxpsfbd-w2gSeSSrM717FkXrWweFSQywJjMWXJt5MsbZhnh0ialg3d4Mk2g6kxU1whUdZXhk81mIMwlmtnhhxqdYnOU1oImvy6-ojVtBZ40VoMUuScqQxj4lkfy0zq98yrWejiZFUY8dJda-W4FXYXeojqahuFFvBBMRRIkzpdqc_qcVZpcioz93QonznxvRQ6cuIU_Bz0tdIsyrfxWi9dIwd8XfsRBeO9gVtB-e_10-ZSe4m8y-2rURFM0cMnhkvioamf8WgxOflQr-M3Qduq62xg4X3no3xvhgWRBbV9fMyuvryrlS8rYtR7nhSMWuq_nch6RY-OSuvkt6Qkszq1_aWanUvWhwsgVe4qd0XciFZkmZrtn2bk-",
    "id_token": null,
    "token_expiry": "2024-03-09T09:10:00Z"
  },
  "sentinels": {
    "config_sentinel": "/home/jupyter/.config/gcloud/config_sentinel"
  }
}
2024-03-09 08:54:51,729 INFO     ___FILE_ONLY___ 

2024-03-09 08:54:51,729 DEBUG    root            SDK update checks are disabled.
