2024-02-15 10:00:36,895 DEBUG    root            Loaded Command Group: ['gcloud', 'config']
2024-02-15 10:00:36,898 DEBUG    root            Loaded Command Group: ['gcloud', 'config', 'config_helper']
2024-02-15 10:00:36,901 DEBUG    root            Running [gcloud.config.config-helper] with arguments: [--format: "json"]
2024-02-15 10:00:36,916 DEBUG    root            Chosen display Format:default json
2024-02-15 10:00:36,916 INFO     root            Display format: "default json"
2024-02-15 10:00:36,917 INFO     ___FILE_ONLY___ {
  "configuration": {
    "active_configuration": "default",
    "properties": {
      "compute": {
        "region": "asia-southeast1"
      },
      "core": {
        "account": "564706877122-compute@developer.gserviceaccount.com",
        "disable_usage_reporting": "True",
        "project": "brave-watch-414204"
      },
      "dataproc": {
        "region": "asia-southeast1"
      }
    }
  },
  "credential": {
    "access_token": "ya29.c.c0AY_VpZhs1pAJUdyxz9MXldrmZL4MAj5d_WvyQ7Xc-rPB5TkFO0aIMLz7aw8olJRQRn7fre7mIcdQWwKq6lv6XhUFYpS2X9_PItiQcLVptdLeX0nTRlRLjPwPmqgMu7XThXzX-NrfNBNdgG0-kPgI0xqzdQoEMke0gWm4Pt1JnVLjTrcXePxxWIhe0Pbqt3LsiHW4waJlqdH-QThxYAVtPNpwExt8zKbBRAzgFXXx022NE25lGeFd-ipvNMuTWPKJOTm4-VcY1V3tXg4Nnz-O2gTRySgDtiJwTSLjFFxU4FuautniqgoCOxsOQuxzjO-IxSwFnLtE3uclVWv5KsjueTKKy9pi3-wcgkG4MwGYhsYTaW9121DpPpA2_ApivjXZ--1m_wxVnePEcqxqnMarXvhLuyzCICX89eWLPxtWvpdfSNOIzXCQL445Pt19Skzm7uzYq2ZIUndZ75sBo9YY2MqRod7Sy6gW3h3kvBaZ0rnq-WX-a46rUkQtnZIjRSVcZn_MBSzZV7_gfQblsvmmcvyouc1bS9xSgme8Ot2i8Fymz-wtzUQBIzS9bFncrnpcheI4ZzBhgUSSU8Q8lu3wuthBQXbcXSRJXs6QY_vuuQWuesubirSUJBVMx-BR70Uowjaweo7OmsvxJacZwlXBlMtlk_opJhoa0Jqz_QavU7YpqfB1h1mUgmVFs2FfV_bqJ5-mc-4lcwBrwnRhQMrFp4qJ3ubFJRn5ORnBQM-St6QB639Qtv66Y4aY8iMB8fsmbFfJIIVSqFU6fB4Qw_8hMSxh1_h9Vk__QYg-Y02VXogz7ywhJdhRB7sR6nSsq9F8zpXqX2Ui5r8lslhI-mMUI2Iz7yzjgtO1FecchgzWRyB1UUmbQo98_7IS99gbVpUQ3OtU6r5OhOwquQq9ejFe4q-_9V_8Zk3kbi2Zj7kfup4g9rfZk4_2W0wcxgR5jSs-y0Qd_bfXkWJ5ioynSV3dvrI2gbu0J-6sxuJvs4SI_1I81997Rgka7ww",
    "id_token": null,
    "token_expiry": "2024-02-15T10:39:44Z"
  },
  "sentinels": {
    "config_sentinel": "/home/jupyter/.config/gcloud/config_sentinel"
  }
}
2024-02-15 10:00:36,917 INFO     ___FILE_ONLY___ 

2024-02-15 10:00:36,917 DEBUG    root            SDK update checks are disabled.
