2024-03-06 09:04:32,905 DEBUG    root            Loaded Command Group: ['gcloud', 'config']
2024-03-06 09:04:32,907 DEBUG    root            Loaded Command Group: ['gcloud', 'config', 'config_helper']
2024-03-06 09:04:32,910 DEBUG    root            Running [gcloud.config.config-helper] with arguments: [--format: "json"]
2024-03-06 09:04:32,925 DEBUG    root            Chosen display Format:default json
2024-03-06 09:04:32,925 INFO     root            Display format: "default json"
2024-03-06 09:04:32,926 INFO     ___FILE_ONLY___ {
  "configuration": {
    "active_configuration": "default",
    "properties": {
      "compute": {
        "region": "asia-southeast1"
      },
      "core": {
        "account": "564706877122-compute@developer.gserviceaccount.com",
        "disable_usage_reporting": "True",
        "project": "brave-watch-414204"
      },
      "dataproc": {
        "region": "asia-southeast1"
      }
    }
  },
  "credential": {
    "access_token": "ya29.c.c0AY_VpZiAGpI5XsfLcrfw__ku-lqLy0Vj3XQLWwpkNdCfug2e40LYB_Bn6QFi5nYSSZ3FiSeVBPs7UBjrYdVx9ItqH1yPn-VK9gYf-3QZuldx5k_LIupODpTiItBtWuXDo0dCT8FYpm8xP5lbpEOytNmZyqf6s8pzvUGKmuEkpQNXhj_q79CbLTQGXJfZp9swnjhr6lsOIiqEyixfMwdIL9Eb0pxA7a5ago1Qu--Ljr6WfHIPidxLnyc5ZBxw2ByU9fsqabdifn0iFF3Xqpy4YA5lSyKSpv_n2xSW5W6P4FTG7xoMqgoN6Ae5CA6AES0c8QHPrs6BKIEM6q1xt8kHK7MqbPz83QllZwuE4UoS2ZwY8AazJvQ0ITlfiQso1V2yPq0IsA00BBnIesGxa8W3JrsB55-PFsh7S2fs1ZtiqRyqP_gUGuGQJwMUk_y0G453CgWRJYhvFzJUp3e-biJoxosUisrJZVza-WYnwmcX3hrf1uRRkRZXtr3fR_Q4jqomV3j-ZlcJUg7Vcv6MYsuUIlzWxkeXR7Q2Xe94hF0pSgaqmzalvO2VVeIpB3u5bpU0qstuY8Ic8bSBRs_jwXtxv0mWdlmJdZ5SYx9M3eUwW6QwFWq4oJ8IJu9wUuw9OUJkp5ow9QOakrxR0UhWgedYvh9n_R3WIMxOcyWgeBJzXIRM7B5BogeBYFyapMXrfXsqboSfpnwa8hQxRQrIcctZORBY-7pwqxmWIdZoIiJYwIsqM6oX1ZkyFUmwvRtzWF4jUvytSXj35q8BXnsiou9buSc3apRw7xbZejs_WUOYtZ_FSV8qhYxp0zhIQzS03dBI8mRi6m1x0b_v0agzQ63qrYkhVness2oJyk_iOYS3bineViJ9aXJUnS4meW9S-BbW9Wgshgn08JxmggjzhpwJ5wR_MWqIUWR7vBs8Q1g-qqXS-uplvjsXm4dhn9oa217dnJxnVqamlM1hFfte8lw9rWMBpz8171RbBw5Rv6xl1mg1ZJd5iuwkIJ7",
    "id_token": null,
    "token_expiry": "2024-03-06T09:25:25Z"
  },
  "sentinels": {
    "config_sentinel": "/home/jupyter/.config/gcloud/config_sentinel"
  }
}
2024-03-06 09:04:32,926 INFO     ___FILE_ONLY___ 

2024-03-06 09:04:32,927 DEBUG    root            SDK update checks are disabled.
