2024-02-27 10:30:40,384 DEBUG    root            Loaded Command Group: ['gcloud', 'config']
2024-02-27 10:30:40,387 DEBUG    root            Loaded Command Group: ['gcloud', 'config', 'config_helper']
2024-02-27 10:30:40,390 DEBUG    root            Running [gcloud.config.config-helper] with arguments: [--format: "json"]
2024-02-27 10:30:40,406 DEBUG    root            Chosen display Format:default json
2024-02-27 10:30:40,407 INFO     root            Display format: "default json"
2024-02-27 10:30:40,408 INFO     ___FILE_ONLY___ {
  "configuration": {
    "active_configuration": "default",
    "properties": {
      "compute": {
        "region": "asia-southeast1"
      },
      "core": {
        "account": "564706877122-compute@developer.gserviceaccount.com",
        "disable_usage_reporting": "True",
        "project": "brave-watch-414204"
      },
      "dataproc": {
        "region": "asia-southeast1"
      }
    }
  },
  "credential": {
    "access_token": "ya29.c.c0AY_VpZhPOoTW-PxQCZOjQVeFcwNP_A6UkbRqr8J-106MpkHHOktpDw10sDZWh_PuIDTVSz4XjdLfRIghtuOzJ57DvjV9PixM8dWj9Cyvfj-wGBuNBiouYX5XOb9GKeb9ziY7FplR87kY2hqir7UmXWoVkZVjaapbd6SO61KgTeV6q9bpQMQDMbg0cDxhXGXbgZHFZXVtofrEVYVmCl7YO_4DLGvvVxNYW7I2LcRvEHpb_Gy531Hhba3Qgi83DfMCNKT15K33FelcLnELnFHn0ZTeMc1Rs2XOlStPCsJzfcl8UUH0JNNVFXP6uoE3NQHFqeWuCg_2Mq-jHujc2-4Iu8WVjnQtCHOBGZD2G6Ek_iDnED5UeVZB2fsnF6oXjU_htknKLdviERVfS441TVaAcKLsypkChHfhLg66BywEB1KTBJTQHiEiG445CgXBapzmBeVJn5q_qa5hmeXbf8tVRh3VZ-It_OlOxn-iJcxjq1vuO_U1XZp9xinU46BB8fY7_-1lpVYeMuIcMgJOYdWYmcsusFU6kkg871S9FQrFBFx0jvOeFrpyFsIzW73hY4r6s5S1pUmZWzfyZQXh5rbsIabkjkrXFMRj_eJyQF5BkqBpyBgw55FOQ2FrU8k7-SecraOfbUycUu6k7gU8m2Z84wI3YV3OppkXpJtM_thYwXUz5Xtn5t01Skitv23bf6_v2yY7ty8VgWrxFhVWXj98uvjgiqgrBm9FdF6BMBW02n2XRBnixBvIq24JaU94669nkidX9YhcaMpi9Z8i9ffmI8WUY2yfI4-BBUw0XyVJue6mXVxwnY8XncVlIJ7MuddOxlifWpYO5J4kd1Vw7tieqyt-Jd1RzlOiQiyWFr1Xe7d7Sgw-_tcja70Rn7eI73mal20iwn3RiypzMn3gbjRSQz_gMYa7Y9lIRIYYm_QMdi7kOtaBnF7hmtm1p6_rodFzi2yhFydyw4qlU8fo-amx2sWaQv7Bvgrjl3fkz8ldIRJhkR2ov6R1dQx",
    "id_token": null,
    "token_expiry": "2024-02-27T10:57:01Z"
  },
  "sentinels": {
    "config_sentinel": "/home/jupyter/.config/gcloud/config_sentinel"
  }
}
2024-02-27 10:30:40,408 INFO     ___FILE_ONLY___ 

2024-02-27 10:30:40,408 DEBUG    root            SDK update checks are disabled.
