2024-02-27 13:10:04,327 DEBUG    root            Loaded Command Group: ['gcloud', 'config']
2024-02-27 13:10:04,330 DEBUG    root            Loaded Command Group: ['gcloud', 'config', 'config_helper']
2024-02-27 13:10:04,332 DEBUG    root            Running [gcloud.config.config-helper] with arguments: [--format: "json"]
2024-02-27 13:10:04,347 DEBUG    root            Chosen display Format:default json
2024-02-27 13:10:04,347 INFO     root            Display format: "default json"
2024-02-27 13:10:04,348 INFO     ___FILE_ONLY___ {
  "configuration": {
    "active_configuration": "default",
    "properties": {
      "compute": {
        "region": "asia-southeast1"
      },
      "core": {
        "account": "564706877122-compute@developer.gserviceaccount.com",
        "disable_usage_reporting": "True",
        "project": "brave-watch-414204"
      },
      "dataproc": {
        "region": "asia-southeast1"
      }
    }
  },
  "credential": {
    "access_token": "ya29.c.c0AY_VpZjdJ0gGojlhzASjgibUaSTenheWOuLs2br82ruNySp5PUdOreZbtGKiA6PvF3ED9hyse9s7j4gDXHzNH19snR18VC9c2VVYdroVh3pbVM7dopBndZYjCdiwP0iVL0lAm-hMC4QjlyyNvrru2uYq5Z2BXC-n4Q2_QFZXFcw2UzFdRlAoeoZ19y3Zx_CoSAp6CuMYun_Cs4Y8lli70334Di1FuiOaLiWzB1UwVg-bOPmqM8i6f9VfiHMNEorOyqL92y8cC6Byxn8_ooyiCbtcJAbNaqAeLldEQH2jE1iaWsdJcIuhAUVKB2Xb7VJfHdLQsYI0gJ2pTBBRTBRzzH1mO-rQcLX-1LLr_DNb2LODLaEypT6JnaPZ0TK0K33QhXhcucsofLnS01KjyINKVal0eYIA7MrOfE-FNXe_gvxP_0mVuwE443A7dfBX5UqaiB8VJwv45BbkWv2VfqRhdigmZw5xvSr2XOM_l7BUcull-YyXQVRbFidzvij3_jb9iV6zxf2aRI5dsBe_jVFM-OaxS_jymgpvSyZWuxV1JvYVw_4tt7o298q9Rwny69ctdBRBZki5Z14cBJ7iXh6jhUioIxg1XgFQXvxeZ5ZlFye6S574ywMWQRWIxkRd6p12mnVQ-7RShanb_1X_JVuthmJ9YJ3Qc1nvt9jzbFmsddhutjksnnguceVdWsx7SvciR2Rqzk2Xsv2JhJXhuYOY9a4lIwmBlzqpJczvnp3mmYUg9lRj9tYWUaq-3km6JBZrxhydJmu9mW0gjRb2jMvJYVUjfZ_BgSyqeuai8SuJ3R_baB-1RvS0Q3WFO_rBjF0sSctw5hhRF2d-jcI8SwYrJvRW86ncRRcnVgJp7bhMtufy6tyyZzejhnjixgBO7SwBMBJ03kh9F_rQzMxJQ3w2R80pBFdWIS2Qly2zJjQcunXMh3_d3fYp0VsQ0ZrsBBowh7MlSwleXMwn9nSryx3Qmp8gdk92Jxd6_zFlg9naerz18OIr9ywkXz_",
    "id_token": null,
    "token_expiry": "2024-02-27T13:27:23Z"
  },
  "sentinels": {
    "config_sentinel": "/home/jupyter/.config/gcloud/config_sentinel"
  }
}
2024-02-27 13:10:04,348 INFO     ___FILE_ONLY___ 

2024-02-27 13:10:04,349 DEBUG    root            SDK update checks are disabled.
