2024-02-27 13:29:28,425 DEBUG    root            Loaded Command Group: ['gcloud', 'config']
2024-02-27 13:29:28,427 DEBUG    root            Loaded Command Group: ['gcloud', 'config', 'config_helper']
2024-02-27 13:29:28,430 DEBUG    root            Running [gcloud.config.config-helper] with arguments: [--format: "json"]
2024-02-27 13:29:28,444 DEBUG    root            Chosen display Format:default json
2024-02-27 13:29:28,444 INFO     root            Display format: "default json"
2024-02-27 13:29:28,445 INFO     ___FILE_ONLY___ {
  "configuration": {
    "active_configuration": "default",
    "properties": {
      "compute": {
        "region": "asia-southeast1"
      },
      "core": {
        "account": "564706877122-compute@developer.gserviceaccount.com",
        "disable_usage_reporting": "True",
        "project": "brave-watch-414204"
      },
      "dataproc": {
        "region": "asia-southeast1"
      }
    }
  },
  "credential": {
    "access_token": "ya29.c.c0AY_VpZgo40IJQyis8sEVJgjEsagoBIBtr_U55t0lkGMa4w-0Z5ykoUUzdJ1l_Xl5VyVEDS-5HKLqvQ97g7rct5btpDdJWL_nntymaEtPbn33WV1HEGKHExsndscBLLkHFZbzfWXLfWOOWEjXwVhkB-Os5Itzy3ezANjhKoZYVIKw_cmaB3GcSIX5bFZOKSMR_t_xTBBONp_4d7beU2zJo9mSN-xmpHBxILxRe-nQcVN2tRRM1zvLM9A2I-a4Hb_MhS_blI0EArN8E0MRBFWojW05Mv_RtpdLKZx1AbrJ6RlKRZ3Jcm05RumIcFT75a98hXuGjD-ppnwvxDmYTYY7jWcce1BSRlA8XL4XKA93fvxpdo-9z8WupQ8wyZaz2a1LmQVK01_e7aIVcGLFjGJ9oJJ5jVP6N-l9Q49X5ASCErxtrZP9N9MH444C-ktSF7Ov5BgaJcrBrscWcjz3mIslriYv4Bsic-Wanu42c78s9MyBch9drcBSzSYJv-J6Xag60zqhMJ-Q_JXaj-JXbuids2esBpf0nVFxOQnIw1hRB-keS4XSQgullxhxkaO0019m--FRq-mkwf5nou_FztFacUu3zBSqqd3FFB_pd8dj9g0BSdZpX5k82JvyJ9O0WJxh6ZU5J5Uy3ZJhaxeSUn12OanfuXZgjZ6wbvkBXIytxcmrSynJFeyt2vYS_OtnIB6prcymvhhu71tps86XV1ZesoOraQbfq_5Xwi5sizXyMetxzhtVMjfvB68z8m0Jy3IyWliY-dM5sY2lJZeJqJpdW02FYzfsMQzzQ2SRkp-YY6QUQYWxudhk_vqzf5X0M4OUfU6nkZ2RrBqb618e1WYR8OI9qYlmJ2ibUs83yIewzodfISh7_9lXnooYMS_5omM8Mlk67hcMVq6zn5ZUSqm155I5Ri71wrUFbouYkSFV20imXmc3xIkh80jeY0h3eVvcIseb9p7y8WwJwYrqhBJ9JcccBurtXS_1aqUe_Yut6M4FWdq7Ie-IkV4",
    "id_token": null,
    "token_expiry": "2024-02-27T14:04:51Z"
  },
  "sentinels": {
    "config_sentinel": "/home/jupyter/.config/gcloud/config_sentinel"
  }
}
2024-02-27 13:29:28,445 INFO     ___FILE_ONLY___ 

2024-02-27 13:29:28,445 DEBUG    root            SDK update checks are disabled.
