2024-02-27 14:03:03,511 DEBUG    root            Loaded Command Group: ['gcloud', 'config']
2024-02-27 14:03:03,514 DEBUG    root            Loaded Command Group: ['gcloud', 'config', 'config_helper']
2024-02-27 14:03:03,516 DEBUG    root            Running [gcloud.config.config-helper] with arguments: [--format: "json"]
2024-02-27 14:03:03,552 DEBUG    google.auth.transport.requests Making request: GET http://192.168.10.5/computeMetadata/v1/instance/service-accounts/564706877122-compute@developer.gserviceaccount.com/?recursive=true
2024-02-27 14:03:03,556 DEBUG    urllib3.connectionpool Starting new HTTP connection (1): 192.168.10.5:80
2024-02-27 14:03:03,557 DEBUG    urllib3.connectionpool http://192.168.10.5:80 "GET /computeMetadata/v1/instance/service-accounts/564706877122-compute@developer.gserviceaccount.com/?recursive=true HTTP/1.1" 200 145
2024-02-27 14:03:03,558 DEBUG    google.auth.transport.requests Making request: GET http://192.168.10.5/computeMetadata/v1/instance/service-accounts/564706877122-compute@developer.gserviceaccount.com/token
2024-02-27 14:03:03,561 DEBUG    urllib3.connectionpool http://192.168.10.5:80 "GET /computeMetadata/v1/instance/service-accounts/564706877122-compute@developer.gserviceaccount.com/token HTTP/1.1" 200 1084
2024-02-27 14:03:03,573 DEBUG    root            Chosen display Format:default json
2024-02-27 14:03:03,573 INFO     root            Display format: "default json"
2024-02-27 14:03:03,574 INFO     ___FILE_ONLY___ {
  "configuration": {
    "active_configuration": "default",
    "properties": {
      "compute": {
        "region": "asia-southeast1"
      },
      "core": {
        "account": "564706877122-compute@developer.gserviceaccount.com",
        "disable_usage_reporting": "True",
        "project": "brave-watch-414204"
      },
      "dataproc": {
        "region": "asia-southeast1"
      }
    }
  },
  "credential": {
    "access_token": "ya29.c.c0AY_VpZin7_5h9w2i554kNsjcOnHTgYtT2z26TCI9Zfyns5LDtXOPqhp_w1EPDBQP0JGMwN3w6dl64-OzWa65q3dfFVhb2Yw2TD5fOXKEa06PuL9RusOVCoynwdZiaYBWN9MHKJfjosjo1_ytEy4UndZj_HGr5xYzbVbPseLf3HcBxjH9o7F2kFzzV5o2CG5zHkyzla53391hFACG6MdfLoSeGIruyFTU-snKaP5qLIT8XaENcEIwpYo0noKBYq9VdUrZEtDTpveDY808sijyURU6kBJyiFO4XSphOJ4cXdQ2wkz32zVU-0aWYwbIKVWu_ZKH1h1ARxQ7mIoHGHaKKWKhDC0FuDvX4U1I568EBHDpof6nhcMTQAb27-R8Ka7WWN7khfyKkicj76UVgWnuorsxZXI9xx0bO-8ktYvAV3VITXq-0wH443AnfxIs7IB_uBg8BQeBvgxXlVkUm2ir_WVzbc-a8-a85c5-7hxBZzfbaZp7x6gF7IXF6d13I3pkfr3xtg97wrV7vUO_lW3-6ux-WhSz80q3a618Ym3R9lcIj0XXjw4FwnYwBgWUi8zueuQfQ_WJ-ybgX45tkuZ_4YmakFYtxkZWy8hOIs88BFuXjuzR0VsuvUa30h945faqUJvxBZ8kgYiRWzvom72tvl59j_gp8rx_zmyFjgyVXdecoaQgXen9pZW5gziUa8b1dqoo8Oa7yYo23lrwFnnge-bvOsIaiqw8ZmnVnhmglyj6YW5z0J9BnVev9sskvxqrZhwbJMUg6BYhnnMS-5Jnlj8uJjxJh7tMt0SbdRxmgZQocY-i4t9FksYBIYzhgUxrjcylrSbfvmR7rBYIMoJ7UIQt8XUglQjyqy9b3kUvuJRbZ66xjBRe1or_y5c39cz_227aqQxedYtuecng1FbMo0Jd9OQ2sZwO5paxtRg9kS3aFSQW2M-QlkrWXSnnXmUwx8Sjzzw8bWZmB7aM6Mr88nBot6lnMbstc2fbud1cVQ4_IWW_WgZ6wl4",
    "id_token": null,
    "token_expiry": "2024-02-27T14:35:06Z"
  },
  "sentinels": {
    "config_sentinel": "/home/jupyter/.config/gcloud/config_sentinel"
  }
}
2024-02-27 14:03:03,574 INFO     ___FILE_ONLY___ 

2024-02-27 14:03:03,575 DEBUG    root            SDK update checks are disabled.
