2024-03-12 08:04:24,832 DEBUG    root            Loaded Command Group: ['gcloud', 'config']
2024-03-12 08:04:24,836 DEBUG    root            Loaded Command Group: ['gcloud', 'config', 'config_helper']
2024-03-12 08:04:24,840 DEBUG    root            Running [gcloud.config.config-helper] with arguments: [--format: "json"]
2024-03-12 08:04:24,858 DEBUG    root            Chosen display Format:default json
2024-03-12 08:04:24,858 INFO     root            Display format: "default json"
2024-03-12 08:04:24,859 INFO     ___FILE_ONLY___ {
  "configuration": {
    "active_configuration": "default",
    "properties": {
      "compute": {
        "region": "asia-southeast1"
      },
      "core": {
        "account": "564706877122-compute@developer.gserviceaccount.com",
        "disable_usage_reporting": "True",
        "project": "brave-watch-414204"
      },
      "dataproc": {
        "region": "asia-southeast1"
      }
    }
  },
  "credential": {
    "access_token": "ya29.c.c0AY_VpZiG9LMUAFlJnSHFZg-Y4kljtAAPlCHKQMHTO7NHJCthHgfQ5ylOaG3maPfBCTNRymJEVkfr8V8wR8BKNC0jYp3i_u4crERtmGCXCqhznQ3qM2LcQPlcL1nk2KoPkHqDFk_ScgC5il5MCy9rCDz7cuYTKHj_-HvY4fg0N2Zv5CFCZw2f8RFpsL3jdgf9lAGjcwly26d69vM0_svImcgHM09BEHMdNrlzD3t50OAhEeB44CcEODbFfvdVL0bgDwbsjpvObjTaw219wReNRPnSiJQhaAZdnZ3qWcd3Tv1kBnnMcavxpUJVlI9Xs-MU99G1Bq0nhTNh22Y8QoU12TyTTMCjN0i1LTMsmpIrDGmvwAgKGWSRRPTfcHyb0Syrikfefsgm1k4HyAQ7AfR8NDoZISfqJ7x90nENJy9Kqx-8cOEQk5L7aQkAB24E452Cl_r6rhgzy-r8jaozWm0J3nZqka9SvjQgfm9f8jJBxUQ_rxR1YYqt4Me94S-FBvtRJvdzkiVoq2YoXyYm-Q7cxI68c8csqdsvRQ6JUfWIuszVqOS2g71I9bmvRWbpljfWS-032tr-Yz1r5qsuxJ9R4mlsbMIamhutr7wtfM42353rqbszwfyjdXfnOel8egcQB_Uz5d6Sv67oZvgbwVIOvftXrjbsrn_otn0Zm6Y0nbyewyqvXV8o7Ivcf18gF8--0quSyjVpvseajn96O5XhBXOj5lY1mOY215xmXy9cIcwzV6oJm7UR8_kgslBnFa0qZvge5YzzguUcXQrgIjeBkM2aawriZy2meUp_QZBmyJOvoQgo-nXXuV1djWr9YsrFJqyMyWtY4MqniY5Y9ycc22Q3SaO_pSmYg21ecraFkoJzXy7jt6mRkf3BgxpXJyV6BggX9S64gdvf1ic5i1RqBQl3Q9J99UpM7lr720m_Iy4Yt36eeUlBz9ZShBXIJB40jR21-BRVnF_iasRUk-qM2Wxo73fykn5atYuq1jOtOJrBu8WJv0OUSS-",
    "id_token": null,
    "token_expiry": "2024-03-12T09:02:39Z"
  },
  "sentinels": {
    "config_sentinel": "/home/jupyter/.config/gcloud/config_sentinel"
  }
}
2024-03-12 08:04:24,859 INFO     ___FILE_ONLY___ 

2024-03-12 08:04:24,860 DEBUG    root            SDK update checks are disabled.
