2024-03-12 09:22:05,036 DEBUG    root            Loaded Command Group: ['gcloud', 'config']
2024-03-12 09:22:05,039 DEBUG    root            Loaded Command Group: ['gcloud', 'config', 'config_helper']
2024-03-12 09:22:05,042 DEBUG    root            Running [gcloud.config.config-helper] with arguments: [--format: "json"]
2024-03-12 09:22:05,057 DEBUG    root            Chosen display Format:default json
2024-03-12 09:22:05,057 INFO     root            Display format: "default json"
2024-03-12 09:22:05,058 INFO     ___FILE_ONLY___ {
  "configuration": {
    "active_configuration": "default",
    "properties": {
      "compute": {
        "region": "asia-southeast1"
      },
      "core": {
        "account": "564706877122-compute@developer.gserviceaccount.com",
        "disable_usage_reporting": "True",
        "project": "brave-watch-414204"
      },
      "dataproc": {
        "region": "asia-southeast1"
      }
    }
  },
  "credential": {
    "access_token": "ya29.c.c0AY_VpZjlBqj6Hui2L06lTZ4_J_73BzkrMSuDVrvvK9DUEzPlUK-fpiuU9P0YoTAozud0hbhQfqbrVIVzHiuQnZgLJWgVfMjlP-P_E9CWjBCPtHPRiutyLsCZb7oB6VrkgCBTr7r8ny1OmayfUPX-5B7JqdZSTq5Xik_aRHSmZrgeUtaTwhyK_uKpF7EfFebEIJZtcwz94WZ7k69cGX3RlBDmzIhNupg203dzaPJUNpstpC-tqQCRYy49OvI7FAGxkDmsJPoGp1T-FolVuLF4xL7zo0_PeHe6ZkMh-JUk4_F3XZh4rsOGtf-W24uwZAqBznsDpVvLgvPMthofMeeUXQSHu0cESV_LVh8dQ5FwOhZU57SFgfQe_pcNdbrhGUpiYLvdZR-t-xu6HXiX4OFF2guOkHzMAhnMlagVtDNbL44YhazasdKdFDKl_IcG452Kr5O2J6w6-BX0xg2kttF3uOkUj6zzpi-xm-RhYJzzXQiqYZeZbM5k6iyp14Vj7Fygj8SwrfUfQ_5n0_tqfy7zlYXem01Mc7u_3pvq6ZjsqW3cvtiUYt__6h8w_x_-Xmahdl88ipcF21xXpFj_jYs_vXpfVvV4bMr9pYQrYr0SzBtrcUgs09kpr9Sp8fq3Q6Fx0JI3i0qJM9o0kJirUj-nsFofknuQpYUdjq58tb4M36pM_aelhU4i3nc2osb-damqF248evbX4MxFfFUuBazh-rUsoelXJ_pgc6ft1clx0UqR9hzf_FBy8vQBQ8JqtzbgkzsviaeaV1IWty05SIModr3gdBt-aqXaibM4eRIXmi8qns7VlX8Qi5I-g_ph8jV97m2Q8taSp4w7cJxiVxvfsVnIduxkUYQmdSF5yUmzFQ13c_t2Ic3SkfVh-QXZugV7fXjRVwvxf5cJeVn9tmk-Jr6qsiJto9ox0osZgXJcZjr1B0SZf4xMw9wXz4cmtp8nywz_JZ3m3MQieb4fuSSUg6WB2Sheufxju4j14qz3b482YMXY2o81rsM",
    "id_token": null,
    "token_expiry": "2024-03-12T09:32:50Z"
  },
  "sentinels": {
    "config_sentinel": "/home/jupyter/.config/gcloud/config_sentinel"
  }
}
2024-03-12 09:22:05,059 INFO     ___FILE_ONLY___ 

2024-03-12 09:22:05,059 DEBUG    root            SDK update checks are disabled.
