2024-03-12 09:32:57,103 DEBUG    root            Loaded Command Group: ['gcloud', 'config']
2024-03-12 09:32:57,106 DEBUG    root            Loaded Command Group: ['gcloud', 'config', 'config_helper']
2024-03-12 09:32:57,109 DEBUG    root            Running [gcloud.config.config-helper] with arguments: [--format: "json"]
2024-03-12 09:32:57,124 DEBUG    root            Chosen display Format:default json
2024-03-12 09:32:57,124 INFO     root            Display format: "default json"
2024-03-12 09:32:57,125 INFO     ___FILE_ONLY___ {
  "configuration": {
    "active_configuration": "default",
    "properties": {
      "compute": {
        "region": "asia-southeast1"
      },
      "core": {
        "account": "564706877122-compute@developer.gserviceaccount.com",
        "disable_usage_reporting": "True",
        "project": "brave-watch-414204"
      },
      "dataproc": {
        "region": "asia-southeast1"
      }
    }
  },
  "credential": {
    "access_token": "ya29.c.c0AY_VpZhFuFcKipn9vuYQfHiWuCUUI7wv2AF2dZnD9LgDBNbuH20_Jv85cQlwNJ7LFGqzzz1lXE_hvNCkX-RmIvuUTHr_JVO85yhxiZkR0rzA7OMEM_EkbWdnxBnM-JnsTSaowGAATzl7KYF6I3eDdXfbnjKMH356khSbaaob8eDpRBhjQThWLSlPpv64D1yktERLm-d-KlWP1v3UBp46Veq4IczN_1B4ix1OgfBJ5TF8Gg12p54M3FdXvnKK8tWJscKXycsukzFbZsGQVN6bva3tJXoTa1nijS7YXa3PDT1fclZsmf-8Fo2cg1vhfxbG418ERG3ZZe0edy6reaP07aD58eu4pfoE7oUcx1XLaztnJXSm-AysorBFo8fTk9MXECK4CvY52CnYk-mCpSDJ5jiWfFiWTeVP_upvRBf6GVXbPZdIT4NrvodhUn4G452KsZcd2bX2R2xzwIzyotbsmI6yBoUjyjm-BFcsh_qg3iQ2vo6umF4MgtFScldt-M5sFZOb0wvW6BOBU6uv4Ym0VOZII-8Y85ttQjxcm_kx68iyy9XURn8_bwM4ze3zzWWks7jBFMn1e7hStOFixOZMxWr7JlyzOdgmwtr-arus_icFbddho-9__bo6p3wrlSf3na4xpZjwMoOmsqMnsSoxxM_F2JaWgVRWgVanzXbjWrQf82w5k6hhVv9r1slISb_40zj0ckgJ2u4axvxXgaY05o9an6ZreBk9u6kb3cuwlZ4S1MQkR8Zg0d3m_nFuvhe3B3ivYse85JQsywrgi-ky9_m7irWvsx16v8u3YRVknn8_eJyIcbO-QO8M2qRFzUz9MgXlk3myzvgzasvv1kdFZzvdafwQsVFwkukXJY5pQelj41gR5YU64vpavzXmkJSvyYaXvkWdV4F6tFF07B3x1I1s101sv8cnRm-oFRMIhamvWh0XkYp50USlFgce_dqp3SRYXBefXa5sO061azy2MyM-47MRSxa0ntfUfrSnOuSW3WMJmVgaMm_",
    "id_token": null,
    "token_expiry": "2024-03-12T10:02:50Z"
  },
  "sentinels": {
    "config_sentinel": "/home/jupyter/.config/gcloud/config_sentinel"
  }
}
2024-03-12 09:32:57,125 INFO     ___FILE_ONLY___ 

2024-03-12 09:32:57,126 DEBUG    root            SDK update checks are disabled.
