2024-02-21 05:25:51,567 DEBUG    root            Loaded Command Group: ['gcloud', 'config']
2024-02-21 05:25:51,570 DEBUG    root            Loaded Command Group: ['gcloud', 'config', 'config_helper']
2024-02-21 05:25:51,572 DEBUG    root            Running [gcloud.config.config-helper] with arguments: [--format: "json"]
2024-02-21 05:25:51,588 DEBUG    root            Chosen display Format:default json
2024-02-21 05:25:51,589 INFO     root            Display format: "default json"
2024-02-21 05:25:51,589 INFO     ___FILE_ONLY___ {
  "configuration": {
    "active_configuration": "default",
    "properties": {
      "compute": {
        "region": "asia-southeast1"
      },
      "core": {
        "account": "564706877122-compute@developer.gserviceaccount.com",
        "disable_usage_reporting": "True",
        "project": "brave-watch-414204"
      },
      "dataproc": {
        "region": "asia-southeast1"
      }
    }
  },
  "credential": {
    "access_token": "ya29.c.c0AY_VpZjDRBbm6-L-ShfJ3T8e_SaUwhRthJA64j2SEKk43DRmwMJYRCngBe_9x4SZMwY4Ut8ibVp8bsFxj4Ku34lek8rOhirLXbC9RXZJnbKb3WbdHz_cQ_y4zkBQivKvgajAl_J_sxOyGIAjKhJdU-agu8Av51k1IdMeQhuH13JqE9HziDg6r1IEMGdjqZNTTCQ_2dzpjFvBXaCijkm1fBHDiSR3QL_QHyxatDk_XhAlMHLGS8Jbh9bdjiXx1m9ZcFkViW-grNcpQ0j7hs7qSofyEBs6UavJ804Dp0Ho9xungLMlM8rpJtM3YLzTykf8uxTsgF5zI7GjwiQlCMlB1ITcN3jE763896fX6yJP3kZLov3DXWTCEHotQkD5jaTHSz8Knn8_hFZ4nYbejyKXRpd7KANWVtH_VGVIssvM_GyjHJO6BAG443CIdv3zU2UzSjk-tjtW09Qqj337cIrhXrihFq2vWuhI68Um2ytOoQrcz4r8yQq2YWSif_RzbvfIoqwgyizYZpb-wgQ8US0JjqmWwz9g_SuWi9Z_bmpxjb1ehZOvkYmf2ewYhefp1ShtJX9FVkYU2QtSvx_6h7lI927gx3vgxY26IQwxBf6c45p-_uclRO_80-IoIydsZ0XtSJatn-qcs-XtOU-g_akeZ_ZlpsRu8Mgi8Rg2S6dgRYpMgWhaOlx7VJ05swWuRe5svn5myVVm1mzuqRZ9XRMqhvxtfSsRB4hzYxSlazogdYOsadp4rb9M3rFigcIe1IpWstmi3Qii5R3JRBx9l3mtvYZ-dpI8kg8fZcMb3pt3k55Jd9fRw-8_e-ZJjb1cqpWdqmbwk2btUd8BdqsoezgW1uR1BqYij3YIgXkxxJeiR6uFqaUmeUqoQzhn7FxtuOhaZri_siYx4SQdhbeiwb4xymgbYQ84i-V2B3ow1xaUvWkStt7atjp_bYfMf0a1SxjqsdufYr60syfv3q7hlch7qb7fJhoB-58BXXo7oSIOfy833aVttnhmigo",
    "id_token": null,
    "token_expiry": "2024-02-21T06:02:33Z"
  },
  "sentinels": {
    "config_sentinel": "/home/jupyter/.config/gcloud/config_sentinel"
  }
}
2024-02-21 05:25:51,590 INFO     ___FILE_ONLY___ 

2024-02-21 05:25:51,590 DEBUG    root            SDK update checks are disabled.
