2024-02-21 07:52:07,159 DEBUG    root            Loaded Command Group: ['gcloud', 'config']
2024-02-21 07:52:07,161 DEBUG    root            Loaded Command Group: ['gcloud', 'config', 'config_helper']
2024-02-21 07:52:07,164 DEBUG    root            Running [gcloud.config.config-helper] with arguments: [--format: "json"]
2024-02-21 07:52:07,180 DEBUG    root            Chosen display Format:default json
2024-02-21 07:52:07,181 INFO     root            Display format: "default json"
2024-02-21 07:52:07,181 INFO     ___FILE_ONLY___ {
  "configuration": {
    "active_configuration": "default",
    "properties": {
      "compute": {
        "region": "asia-southeast1"
      },
      "core": {
        "account": "564706877122-compute@developer.gserviceaccount.com",
        "disable_usage_reporting": "True",
        "project": "brave-watch-414204"
      },
      "dataproc": {
        "region": "asia-southeast1"
      }
    }
  },
  "credential": {
    "access_token": "ya29.c.c0AY_VpZirwSQOZXi2fhK75YFQGszgyRKnzR3NSeO1s7Pkb7YLKB38r3jQKvZl0kyTHw2hRMNtYxclBgKroKw7BDjd16Hng-OJFoFeVfAxtHa8ldWbjsmfLafQFuY0ZF8Vde9YCU6EEE_GYkwjhjG2dvDRdx6lQAJ-DRC48YkCzSjOjy_G03B8ARd3ErWNkGE_-D6piP4Q-own3O5fBX_Nup8DkQoqbMPg2KQBtNqlzWuNxMsDWCkTd55WUNCHv8LL7o_hMKXAom-a2XMo4Sorsy1IhgElQ22ZnVi1P0MfGG-OAcd_I8xkPwnDrR7rHZgrFepYUgP3vhO00i7AHK-GN0UueedxU48AnH04rImvVqeyyQfk3SToM5hWy7ZaM2rY-gX8N-fHrCziazuIsK6phlXtL2ms1tnpjpRS_zkXKQJtULiHG441PRyq9oRj1iOSJcRSQFR945FlahIF_pvF9uQcvdSQewjfSh9rwlWgU5u5FumX5FMWOhU2Uuv2msdZBB5FqdeYiUXgrkYvOlwW5jVFztxei4pOutJU42Omg5Fwp547cle9ORaOlZgvBosoq_1ap8cf92FbR6uBI_3hektj0grdJ4gRsbJe5tkZ3WhM0XB7jMh0xeMmSXQ07MB6_fRh8qeXYM1ZwnpJQIZVwSySqkajWotlvQqvrxjraf--RWYgtU1-WwvQVaQBOop_oOSufjbdj-eoUMgS2ve07rSUMh6rjj4isyuMS7eem17bsb2cr1X9t5wvWZ2eMVjhvcQjOJd9_5gkIrxWUlyOg7U_--F_J6uOOrnQvFlumZ5dYf04pgbMd2ql9tohz32rwngcZVSUi9nbv16MssS9_-mwFljMBw1tBbds-ZW73SFnUwsfluciU3rzzc54mBMcZpi1b1W5Jwur7YFsnsitrbXUjFS3FIq4t3RQe8u-B7ukavZ4fpObzl4aZFW6Qd9jwyQW4blRM5wg6--VYybU98eYn-St4R0QZIjdk7lptUJl3Fq47puQc0Z",
    "id_token": null,
    "token_expiry": "2024-02-21T08:03:01Z"
  },
  "sentinels": {
    "config_sentinel": "/home/jupyter/.config/gcloud/config_sentinel"
  }
}
2024-02-21 07:52:07,182 INFO     ___FILE_ONLY___ 

2024-02-21 07:52:07,182 DEBUG    root            SDK update checks are disabled.
