2024-02-21 09:10:27,514 DEBUG    root            Loaded Command Group: ['gcloud', 'config']
2024-02-21 09:10:27,517 DEBUG    root            Loaded Command Group: ['gcloud', 'config', 'config_helper']
2024-02-21 09:10:27,520 DEBUG    root            Running [gcloud.config.config-helper] with arguments: [--format: "json"]
2024-02-21 09:10:27,535 DEBUG    root            Chosen display Format:default json
2024-02-21 09:10:27,536 INFO     root            Display format: "default json"
2024-02-21 09:10:27,537 INFO     ___FILE_ONLY___ {
  "configuration": {
    "active_configuration": "default",
    "properties": {
      "compute": {
        "region": "asia-southeast1"
      },
      "core": {
        "account": "564706877122-compute@developer.gserviceaccount.com",
        "disable_usage_reporting": "True",
        "project": "brave-watch-414204"
      },
      "dataproc": {
        "region": "asia-southeast1"
      }
    }
  },
  "credential": {
    "access_token": "ya29.c.c0AY_VpZhUm6TQX-jxOLHtjYZ98Ez3uNsqHh39KhoUhscEkEDzbdSm9-6xhfZwYJtjQlxmF50gnp-fYiqMTiI0r8ys_flMxF46Z3jUjihUK3_Af57na3-3G5imC3yQPhUnF3YcC8cSXP88Qbhh6RC6MKdNPItYgUVLwrXUwPPFAiosvriXA6LUY40Aye4GBuvrixMFI_NYTYge_s4-kGuMJofQCfwCCqctVe5On56C73ULeBaV_5uTY83f59JkClOATfXRTr33KCBOlcAHwTO4xosmCSnZbhbU6RlD7U3yNGDwJC8GQueY_VH6xP-fThKzeDNq823M7bCqf13ApviFOWgrDvyaoB4MwwBDZc4fVE-W7x-X_KqUQ5ninw6IwiekD0cxI5-2OKNtPXRrmXRNbEAsV-XKbyhpviSTnvjdZ2I0edvT9gL443Pc3vx3-xWY2hhy18tjthB2mYvI3oivhIFXWopwmesenhcrbZQ9j7ya3xdBlszJofdWfnfoajxs9ocq88odQYhZQsBsiOpjhft1JO5iWgVeoY0dr-0p_deeQoUoh-lWyuBgjv4kwJgF_npyFvpxpQ30rnSxiXUeZVu7J7-7Ih_nqRqvqYzUqmOdg-J5Bk3oI1ZpF6h_j91sm_5MUzQhga6hp6erjfXa-MSzcllq5Q5ncr76I0okFgB7wM3XlsM9lvqB8Rk2dOO3dVUeW2jka_kcu8R0utge2OdfliQIVYpy2OwU9vVyWiJau-cW3c4vt6VkeiV70vSBXFFmjd-0bOMjhWvmond5632ZrBs4FSUdqJXFXI3oe--RZX-Ulu9jvJqujBWnt96foofoJS_iBnaMwvrfsx-s0dFSXc00rol1qR_ek_YIoY7o7gSRc_Mw4nysB4dj-SikIUJJUk7dVzprf6zi-rtzQtIZ0q-wIg_o_UFYt8zYV9cMt6qkcolZgtr0gv9M8-UY6lZZ1JS-iO6YqaUU3IRYRpBz9J55aM3ZkZpJ7cdM6jl68u4v3Q1Yk3J",
    "id_token": null,
    "token_expiry": "2024-02-21T09:33:06Z"
  },
  "sentinels": {
    "config_sentinel": "/home/jupyter/.config/gcloud/config_sentinel"
  }
}
2024-02-21 09:10:27,537 INFO     ___FILE_ONLY___ 

2024-02-21 09:10:27,537 DEBUG    root            SDK update checks are disabled.
