2024-02-23 02:38:16,706 DEBUG    root            Loaded Command Group: ['gcloud', 'config']
2024-02-23 02:38:16,708 DEBUG    root            Loaded Command Group: ['gcloud', 'config', 'config_helper']
2024-02-23 02:38:16,711 DEBUG    root            Running [gcloud.config.config-helper] with arguments: [--format: "json"]
2024-02-23 02:38:16,727 DEBUG    root            Chosen display Format:default json
2024-02-23 02:38:16,728 INFO     root            Display format: "default json"
2024-02-23 02:38:16,729 INFO     ___FILE_ONLY___ {
  "configuration": {
    "active_configuration": "default",
    "properties": {
      "compute": {
        "region": "asia-southeast1"
      },
      "core": {
        "account": "564706877122-compute@developer.gserviceaccount.com",
        "disable_usage_reporting": "True",
        "project": "brave-watch-414204"
      },
      "dataproc": {
        "region": "asia-southeast1"
      }
    }
  },
  "credential": {
    "access_token": "ya29.c.c0AY_VpZj5RxEgWgwGZPqgmpVZ2EblJ_s6FwpAHSpLhQeB9V1q9--q9Ujbjy12_IyC0u15Y4i9s6sTSvDOrR9qnteYGL1B3TZf5PHnBScWXPJ4nsFgoC3tIaO_ogU_ylxp5GfjL5RU_I-6v_-Byqs44tDWDEUJcpGEGqkABkrp8yq3EQbmVc3QcDB2ZXktIr864SFOToBZpyOJpPBA8nFKftHhOn6KZT2abWqDci3Y7mKeo1iF-UHsiKLM1MNjkFVu8KIzKfq_xvyUCxQxUK_z0U-phWxaYzjHVkeH_c0F9pdFByH01WQpFDDx5huZQtfaPDPNeWjd-7fLEMwUfwXTXCZCHFd5ggps0oYbA1Ncan2Dcvpq-wURsUPPuJSMrqb4wlTusLlZD3PnBy11hB58bag0gUue60MoxRGMH8bYrrqQ1jc1L441CZh1WSuxy42jBfk-ZVBxpRcpl_dyS6M88bcs802IUuw5ciRlXOYzXeVVpRMoeI2J55_3ck_uc_cs4XtF4krms3mRtl6RSmVXUntiUodgsuYrShc9hp_6X5fy-jWa3JRjzplYvVXSuqosFh1Yjm4Ynifj6sQ4jmzU3t4_XtfMQ0udh9VspzpamOWhlyjf0e-dI__sd558UZpv-Ugc6vglIyUXmByeuZg1li0uwrQM5Wuk5seVpa9vQq5Ojm07nw1BR3FpRu2r8IVcsn3W_rJdwp1n9yZUlutteljU1O59mShZ672u7uu2Br_Fz501yW5-B3koqwcy061QxMvRxwu3Qgs1xaqli5Ih-RcFBb59R-7xy0QFS7gfpOxMSRztUUSn5kywdMZ5nU0r2nj9X7xmdOy-g7I2xxoMgO4Mw-XQZI8Yd95pYYF4SspXUixmuIMeyxS4VIvr_l56caZ6Y5VepY-mVvhxF4viWBjIb4dkJ3g7M4O08vzqnggS3njJ3yzBJMsUvmJ_7O8yFOspRq7adIq-oRlO7YmM5I2Zb5aO8pokWlk3FSBcjor29y3ojQFoW2v",
    "id_token": null,
    "token_expiry": "2024-02-23T02:58:36Z"
  },
  "sentinels": {
    "config_sentinel": "/home/jupyter/.config/gcloud/config_sentinel"
  }
}
2024-02-23 02:38:16,729 INFO     ___FILE_ONLY___ 

2024-02-23 02:38:16,729 DEBUG    root            SDK update checks are disabled.
