2024-02-23 04:46:50,340 DEBUG    root            Loaded Command Group: ['gcloud', 'config']
2024-02-23 04:46:50,343 DEBUG    root            Loaded Command Group: ['gcloud', 'config', 'config_helper']
2024-02-23 04:46:50,346 DEBUG    root            Running [gcloud.config.config-helper] with arguments: [--format: "json"]
2024-02-23 04:46:50,361 DEBUG    root            Chosen display Format:default json
2024-02-23 04:46:50,361 INFO     root            Display format: "default json"
2024-02-23 04:46:50,362 INFO     ___FILE_ONLY___ {
  "configuration": {
    "active_configuration": "default",
    "properties": {
      "compute": {
        "region": "asia-southeast1"
      },
      "core": {
        "account": "564706877122-compute@developer.gserviceaccount.com",
        "disable_usage_reporting": "True",
        "project": "brave-watch-414204"
      },
      "dataproc": {
        "region": "asia-southeast1"
      }
    }
  },
  "credential": {
    "access_token": "ya29.c.c0AY_VpZj5Z50PwrRFOPi9-SR4rG2VS_trvPVCFq-Vho8_Cr0q2xE-xKcupN6gesWd6bIo8GoVbhLbAfkeWM27qDXMi1X3TcmNPdFbZZEdVhm_wChxRjWJi76G211yezx1avNLSFwn5kRwDC6yeEjzdErrHZKpzYwGSESAQrHq36AO4ukDQDuzIYFsS90xPBSCSek2LY5ko9vQzMfqLok9ibdj7gzHacqiIIUFHy35WT_Hgt5Ol2Y6LWf7fTzPjNgk8wXV8dM98sclVhYVVLJqLYr_J3cBtB5ZxYCK6c-V3A7WflLJvZVz6WfarAWl70O7c6MK1DqK8i7vks8LZt0wZ0fKdPMUMvLQiERKCqioqIS9854faZd9Tc4TSJ01WGinAxI4Y41WkKZZCMIm-m5fqmeOHage7NPvrJxSEToES1FS6alpaN0L444AyytiU-I-488ZkBjfxkgkJf7U9b9e0rMsohyum-z2yqO8VWgBQmMFZwnj6jj05xsb_oYF85sjiF17lQarvBV2zSgShy1cRRFkdy_9pqFi8ok9OYRlaVBJyJOmb3tyoMkrtnVOJgJ67F7_d0m15RiwuhRWX6Y3-xIiOwwgVzwJWRuZpr7W8JQvhYm67tRJZSvRvmj1dcWpg_WjepsBeuX3vJl-0p2F-jyj1kFjmyfFb3Wkm1qdX9IFOUl5Ma-7kV86O8ijXz_bI8qg_gf5u-8Iricqu9c6e5OUetFuUZgMWQIBZVb_wzd6i2uhp96UyhOMFJr_2jmpVhbkQ2JBOXxaSzq4FBiR8jWf6Y3xYkrUa2v6nodB2F97J_W8s5d3ygpOpiQnt5lUfBmtvw6ryF53ngfI73Xqo1ezZlSn6YaqrSkZmn0ZzRBJWUvZ0uw5B0V4_7uzS3yUWtXcgSQWRVieVU2YqwyIYwY7XYlfWrt7ydgZ5wSu_UZyei1J5S0ad_6IcWbBYgjts7u2Y0avaO1XSxwJ6g3gzUaWOW2kz0gX2i78zJcxJqpRlSct8nMi3vs",
    "id_token": null,
    "token_expiry": "2024-02-23T04:58:58Z"
  },
  "sentinels": {
    "config_sentinel": "/home/jupyter/.config/gcloud/config_sentinel"
  }
}
2024-02-23 04:46:50,362 INFO     ___FILE_ONLY___ 

2024-02-23 04:46:50,363 DEBUG    root            SDK update checks are disabled.
