2024-02-23 05:29:06,194 DEBUG    root            Loaded Command Group: ['gcloud', 'config']
2024-02-23 05:29:06,197 DEBUG    root            Loaded Command Group: ['gcloud', 'config', 'config_helper']
2024-02-23 05:29:06,200 DEBUG    root            Running [gcloud.config.config-helper] with arguments: [--format: "json"]
2024-02-23 05:29:06,215 DEBUG    root            Chosen display Format:default json
2024-02-23 05:29:06,216 INFO     root            Display format: "default json"
2024-02-23 05:29:06,216 INFO     ___FILE_ONLY___ {
  "configuration": {
    "active_configuration": "default",
    "properties": {
      "compute": {
        "region": "asia-southeast1"
      },
      "core": {
        "account": "564706877122-compute@developer.gserviceaccount.com",
        "disable_usage_reporting": "True",
        "project": "brave-watch-414204"
      },
      "dataproc": {
        "region": "asia-southeast1"
      }
    }
  },
  "credential": {
    "access_token": "ya29.c.c0AY_VpZjg-yg-C-FBeI1U7Zuqx1HflCkF7iE6HU-1iupnjd_fnIDZ-Ck7D3g2aEcufgH7H9utTvLTSyrQbtZMcyPfDlh9WYkdHbxDL5dSBjWG_-9h5900aWQ3WxWEa4I0ctZSCE_sOzsoWqq3ZMDscHvcgL2i9UFjqVXGInZUzzehJxqfDNhfINE-FRXvwu1CEjftlx91jOj4cGR6VtEMcoA0NAgHlPPAygPjQMM2Rv9jLFq46j5yabF-SDCTwLRmoc4Eou7mpdxxl2hO4mEYL15Nj1dC1WXTH7OYW-eXuGejFZQmMxjbzmYlKUhkGwskBbLpDXYCe-6KbXjwfAASoQC41W93VhSpgkRY1mEpe5BHux0WgCyFKin1kzqRBvN5zZr6YPh_9Ljkkjm69W-rqbZMt4bsn4knA3nFtIA0K-e6fyQLrQN443DM-29JUbyfR2nsXmRXSFvRZl2QOwsRFfzbMirlwyW250lVvJ0mx16yisyhcRF7_ZjoxlaxYOemz3myc5IS2cv99gnwaQJwi8bOgMfVZi-j5kJllfXds5SUe7tm5qSzn7S_YI_MQWWW1bJhYw6Y3uZc5n0lalSZm6OdxfU3Z3fn4wSd55gh6pUxQ6az4aysWyk6I0RRsMsX1yhQcVuq03u9k_vIOy69oWmg3163y-byvO9M8J_fVVJ8RnYRq5BjQZUQJueczftsykX3pqkJldo18MUF5pFhiY409M553kRhcmWad80ZbjbVFYl_4It9oRqsB3Qsq552x1Wyh48Ztzm-vok59xwt9_S86jIzB9eU5a14nFu-igOOe72Ue6Iky5paoFliX-X1o0W8YSV-8WfSdx6ixjZ0ZytXbbFcFw6WipOgo3d3q5sZ-lo4bpcozv46z8gah-QIjSlFQ8V5mFkbYe9nnn9_o0U0JUqn2yxsb59UvXUFkiF83WBqWftWIwkcZVu1O-j1ZUJmFQFnXBzXFiXr80II4qMw5uqB0rU-SIuSvmifF3pg94wQxUOuvlF",
    "id_token": null,
    "token_expiry": "2024-02-23T05:59:05Z"
  },
  "sentinels": {
    "config_sentinel": "/home/jupyter/.config/gcloud/config_sentinel"
  }
}
2024-02-23 05:29:06,217 INFO     ___FILE_ONLY___ 

2024-02-23 05:29:06,217 DEBUG    root            SDK update checks are disabled.
