2024-03-08 03:58:29,516 DEBUG    root            Loaded Command Group: ['gcloud', 'config']
2024-03-08 03:58:29,519 DEBUG    root            Loaded Command Group: ['gcloud', 'config', 'config_helper']
2024-03-08 03:58:29,521 DEBUG    root            Running [gcloud.config.config-helper] with arguments: [--format: "json"]
2024-03-08 03:58:29,536 DEBUG    root            Chosen display Format:default json
2024-03-08 03:58:29,536 INFO     root            Display format: "default json"
2024-03-08 03:58:29,537 INFO     ___FILE_ONLY___ {
  "configuration": {
    "active_configuration": "default",
    "properties": {
      "compute": {
        "region": "asia-southeast1"
      },
      "core": {
        "account": "564706877122-compute@developer.gserviceaccount.com",
        "disable_usage_reporting": "True",
        "project": "brave-watch-414204"
      },
      "dataproc": {
        "region": "asia-southeast1"
      }
    }
  },
  "credential": {
    "access_token": "ya29.c.c0AY_VpZjIXn-engNLUujRdyZP7j8s2osIJdR1DOEdxlhTg3mF0pfSXiKylQOgX6LKKhlJenw2kNKTgM1sw_s39YcIIYQ-TobfumpRNPtr7kVk3Wv6z2mwOHNOeGTqhGPchfQihbEzx094qYMPymHBE0ZsNfTD-EYoRIun0VFz726T5UJk0q_rH-NwpJV_kwLzrfSxHOLEgJn0hnS-vzDkf98PyCCjwqmg9xg_No_NlzSu_VoU7OqI9QC-aGEygKtXb6SFNDNJI7Ayxv8Kh2-qaw5PUT05QtuVbQrZPwLbXnN3RAcIBKQP20cnhGUEZVgWR_uL-EEx2T1pX9olwO46nGIEafRDjSpiuFcynsGHaLPg20hfIbkrWWFUlswl1Qxx10TVeU5FxQfkq0r6DvieVvBLo7ib75CHlto3DhhvcwoM2bVtlgWHnJKmaz8N452DWsh0RabamsU9f4iV12soISSWUcI91Ro8SU9d2aq2MwhU6vVViXz3WrvxIBwj1W3VJ9Unv8VObQ-e8-BQJ3-uxc9aJQMOgj4Z25SbinjObRf41aRl4l4gq2w8Fwa3rFmfXeRzzFwMsFRXy5ucbU-bhIidkceql1cbwoBlip_12zQabXS6nJdqp18lrxgV_xgpVQ3vMuBt1qJ0vhbIryheO5Z3521jBt6xo-f0no9dnyiR_JkQjFkfbRfS5nlfBYURYdOY2WyvMz5kp1eoVk1tFVwUniJO1f1ytYlqs2gj6RMk6S3bUpU1eRZ1V_lg97U7Yg6yigf7nbeqQWenhy25qVIhxI4ZQa2zk2SzIcbxBWURVXSneZ66mF2aOwyYF11xQcQirz21B1k3MiYU7v85Idrplt0Zpd4oXg5zM-Jq57xUtu0slVF4VqzxydIQ04y-BZt7QbV63qi3Biicyh3elnWq0r9sxQRWl-UrltpZB6nsIXIYuV3S3kFWI2xjZ2R8kBSbW58_4tqwiV2gSxXOe4Uoudvl_2JMBx61lMt0giy0dfijigcs6oj",
    "id_token": null,
    "token_expiry": "2024-03-08T04:28:38Z"
  },
  "sentinels": {
    "config_sentinel": "/home/jupyter/.config/gcloud/config_sentinel"
  }
}
2024-03-08 03:58:29,537 INFO     ___FILE_ONLY___ 

2024-03-08 03:58:29,538 DEBUG    root            SDK update checks are disabled.
