2024-03-08 06:47:40,614 DEBUG    root            Loaded Command Group: ['gcloud', 'config']
2024-03-08 06:47:40,616 DEBUG    root            Loaded Command Group: ['gcloud', 'config', 'config_helper']
2024-03-08 06:47:40,619 DEBUG    root            Running [gcloud.config.config-helper] with arguments: [--format: "json"]
2024-03-08 06:47:40,633 DEBUG    root            Chosen display Format:default json
2024-03-08 06:47:40,633 INFO     root            Display format: "default json"
2024-03-08 06:47:40,634 INFO     ___FILE_ONLY___ {
  "configuration": {
    "active_configuration": "default",
    "properties": {
      "compute": {
        "region": "asia-southeast1"
      },
      "core": {
        "account": "564706877122-compute@developer.gserviceaccount.com",
        "disable_usage_reporting": "True",
        "project": "brave-watch-414204"
      },
      "dataproc": {
        "region": "asia-southeast1"
      }
    }
  },
  "credential": {
    "access_token": "ya29.c.c0AY_VpZi-Dv47gqQKWiv-fRtcx4LQv94Fm9HnEaf4xvU9J5Rtu_5W6Gu7hPU-sybzt0HelYo2bVUgXRXljpOm5b163sOko9-Ppf-CIFKcMqQvZM6l7Fh6UH_JT01budOaZl5cz2hTg96mr5MKS16R8FBt7xnT9s-kLNCaKPgtMVjSqUgo44EXm_GZG49ZEz_DqSuMgxUuwcidk8DvUF8hs-L2LamOJMLULvO9dEG1uXV56iySxUSaesGxf1xlzswQZnkgTKLZ8o40Gq2Xdwv3a9xmkYDk6qf0GRxGHbYFyJFijvlrv6IlGwYvpUqaHtrvDfp_vIT2_HxCOPbJaIEvN70jzkDtxW850eYRBoofZ4VaPUWR1HXmt5fDz2iF0DI79buegBHri0_ZEGnz1sme4QiOa_kTJmd69EUAZk3dRBJOzUGlrUWPQfZPBQT451Pv19cn6BVzYX0bQIWlO19qh7_bMvtp6j8Mcdp1_W5r-O77i1dQx_Mu7m8Ip-QxOhQZg2nsQWdOgi3VMRjua1Fp0I12vSa4pOFJottfQBZO30oMsarWBd-dbq6F9fhRc0gbv6lXZQhqrZ24jouiyZymwJYsfneIaOss22b4qf24dUxO3f0jdBb4Xf1nB019t4kQ8l2Wsj0Y9sMOYo4n2vIqzfnZh3tZlsX1yX9R2uhRR6UJbj0Qz-yv3JevZoVihyr8-j6MjianfeVQwXaSOi511h_z9vokgZR0pvBfqgSx5sixpc9crq2Xf4WkQ-pod0a_Bu2f5Sd0XxVmtrsqgmq5wJ8jb56Wx4hovIXl7aMmFWeFlia6jgslMsJwbVXlw1dt1ka2p_ca7g601MhU4uXecvif6aZj3su-3rrVWuSS1u1vxsrf0bgumjqcuMRzXwsIfWiWokluwr8eVch6icta8flWcBf_ssXO2QluxsaVgko1knlh2OJY3Z03ZmRBSkecRVpqg1mWZVQaO0XvhixlBwS7Fhl639wb3tw3FBp8_ivsiv93aycXwnZ",
    "id_token": null,
    "token_expiry": "2024-03-08T06:59:09Z"
  },
  "sentinels": {
    "config_sentinel": "/home/jupyter/.config/gcloud/config_sentinel"
  }
}
2024-03-08 06:47:40,634 INFO     ___FILE_ONLY___ 

2024-03-08 06:47:40,634 DEBUG    root            SDK update checks are disabled.
