2024-03-17 03:51:37,154 DEBUG    root            Loaded Command Group: ['gcloud', 'config']
2024-03-17 03:51:37,156 DEBUG    root            Loaded Command Group: ['gcloud', 'config', 'config_helper']
2024-03-17 03:51:37,158 DEBUG    root            Running [gcloud.config.config-helper] with arguments: [--format: "json"]
2024-03-17 03:51:37,171 DEBUG    root            Chosen display Format:default json
2024-03-17 03:51:37,171 INFO     root            Display format: "default json"
2024-03-17 03:51:37,172 INFO     ___FILE_ONLY___ {
  "configuration": {
    "active_configuration": "default",
    "properties": {
      "compute": {
        "region": "asia-southeast1"
      },
      "core": {
        "account": "564706877122-compute@developer.gserviceaccount.com",
        "disable_usage_reporting": "True",
        "project": "brave-watch-414204"
      },
      "dataproc": {
        "region": "asia-southeast1"
      }
    }
  },
  "credential": {
    "access_token": "ya29.c.c0AY_VpZgqdS1W_3-j6sHkB2BqGx6AydrUxsNEcRm3LIYMA2rOWyhhbBAK20cg24z28Auu_cImDAQ-HsMFl7pus7h_tb9dVE3iPlgC2WjHEBpx4hohEfdx2WZrfBj5NQjgNYVIhwRQScuLRmY4WRHIgeSM8f8Fs6RcOnwdQjT4hBgSWnpYRGjCtbqVfn6aEQxWvi4i_wYHNsaveWne1FMfzlKlVIEeewI24LNehHy_R3rl5k4waEFkbFeuc-Cnx0hDVn4FhMdAVh1xT3-Sur7G21azfDOi38jJs4mdl00R1Rx7DcaMxtZposkIO0ltJsVpzAPl7Jkm1Kqo6wBZ-W7MR3VS-ImHLU55Rsk3fy6BOQCwq14cfgTGloNfK8zw5Ocy3qRrsPXk65iCJNzbdFTEXhJzQ5TojzNznLyZPvkGpveTqKjsMuARGK7DY4r0H453Cof2nIZ96YBZ_bBY14Jel24QyJQeaUdidZxi-u_qf6WjW0Xnx8IeQ4_oX913eyQc03p6dYY72Xtr6ihVMF76h-pe4_d1RQS5k83t6f7WlU6aqV2hOF0ikYVt6O-YbsJm3260nyUa7l45BZFdJ1hyr8WdoowxrhZq8O2fgtsYnpwzjmgIR9z-y3hw6Q8jb13k1VOOah018ztda9zBhy7x5YrleUynth2VJMI20fcQ7tUw5YMvF-9Btnyfo11oOUYjxVYako2mYcep46mQnaBisiZYMvO5ffu9sc4hgO65d6ZYnp6hhg5gnF3-amty39eIkMJche50d3ZO1SSaZMI-oclQQJmRlQcqJ-X0ZUad3ncVkkmpz8vwR-JZjgxfwc4mFFuzxJeixXm_1n1i4w13qItRIRaUQWmjt--tshbJaFZhq3BS1dXkIpjvvZfRe8t2s8cvzWuyUiaFcVrJ9zhfaRQgJk6x3wnQquhFFhpkes0V4nO1X2UVg9p6qd87Wvv-pJt1Wmp9kOaxmJbmrs1JU4WkvUl2lQSJ668suWQhhSYgdSg5t2eBipu",
    "id_token": null,
    "token_expiry": "2024-03-17T04:34:52Z"
  },
  "sentinels": {
    "config_sentinel": "/home/jupyter/.config/gcloud/config_sentinel"
  }
}
2024-03-17 03:51:37,172 INFO     ___FILE_ONLY___ 

2024-03-17 03:51:37,172 DEBUG    root            SDK update checks are disabled.
