2024-03-10 02:35:01,760 DEBUG    root            Loaded Command Group: ['gcloud', 'config']
2024-03-10 02:35:01,764 DEBUG    root            Loaded Command Group: ['gcloud', 'config', 'config_helper']
2024-03-10 02:35:01,768 DEBUG    root            Running [gcloud.config.config-helper] with arguments: [--format: "json"]
2024-03-10 02:35:01,789 DEBUG    root            Chosen display Format:default json
2024-03-10 02:35:01,789 INFO     root            Display format: "default json"
2024-03-10 02:35:01,790 INFO     ___FILE_ONLY___ {
  "configuration": {
    "active_configuration": "default",
    "properties": {
      "compute": {
        "region": "asia-southeast1"
      },
      "core": {
        "account": "564706877122-compute@developer.gserviceaccount.com",
        "disable_usage_reporting": "True",
        "project": "brave-watch-414204"
      },
      "dataproc": {
        "region": "asia-southeast1"
      }
    }
  },
  "credential": {
    "access_token": "ya29.c.c0AY_VpZgsKCbxMTaLTlLzO-vY7t8i0-gbNzYWpNWFjIXjUjsbwNMA49hB8m0UADVXhsjgn2-rg9Oi8CnFv686mqY4dOG3p3i31FXtbXjmulRmKd392QY_jZ1RW8m48KJpKBMO8WdOpjqsO5YUHEwiNOl4hSTL8ryb-KHviVEghLyxj6RJl7DyIgTrWL6XisdxpCFDf6Awank7dl8dVsTi53cdZNkadjHRqyXch1igfiInxgYdkdfOZi3KeG13QOUzPnd7BHO3hGE77rsIm2brTklIv8JQ7TqSRd-KmAKuashANj3RM8zGbJ6BhdATgYAggBlO9r6ZIaKUDKNKRy_0UmDG7XSjJpHTyUKi-VP76UDNALnn_Us831aGqO2XVKfY7V-JMRTZpRcGBp_CfuWrys3G_rKtfb9-AI3rFWqer2mT8dEMoXHhzmLEPwN451De8ljc9rz1I2OiQv8WZ9lOXjW_hW4s69Iyb8lsy4BMjS2I2_cukRMXFkmw529ctntZrQ2dzlrY35wszqrnqY7wRt8tl744ry0gisnl1n83nIrJ3Ib-W4Yie7dx_jYljVRX8mmVazv6Jwp7zeQdnRI3Z1nIR954ixbwXpcoIUQ_r3kr0Vmi6xrgOzp5lhVVsQv24V8VWJlxmcOujk2-d4Oy47ocfxy06sg_r8F-q_S38Bh6Ug12XWq-SZSr7wn73rVBsZkwsJXi49zyQvl9xpdezS8zrwQydRmn9X9bfgsvbBmvYB6twZWyIqZhZM-BvoX7fkezvcWxVkjqUfMWxr4d_3grneaVUJs65-WllsvFMmx7pxX4ZYahc3_QY7bFlU1vBxBBO0ScV8owcrhxxgOqrke4onJpr35mJ_3M6qlYgspXvz8hyMJWIya9FrIrrhZwJrqe2UqVoUbww8ehwejB0fZekVmoWZ2ny17JomueBOf4tIFcJo9asO8ZRQrIItx43UqcWOZee-9uwBvg6MvzclguY3i7fIdomSXWRnVdXBf6Vp_qqyqz4hm",
    "id_token": null,
    "token_expiry": "2024-03-10T03:33:14Z"
  },
  "sentinels": {
    "config_sentinel": "/home/jupyter/.config/gcloud/config_sentinel"
  }
}
2024-03-10 02:35:01,791 INFO     ___FILE_ONLY___ 

2024-03-10 02:35:01,791 DEBUG    root            SDK update checks are disabled.
