2024-03-10 05:29:35,335 DEBUG    root            Loaded Command Group: ['gcloud', 'config']
2024-03-10 05:29:35,347 DEBUG    root            Loaded Command Group: ['gcloud', 'config', 'config_helper']
2024-03-10 05:29:35,350 DEBUG    root            Running [gcloud.config.config-helper] with arguments: [--format: "json"]
2024-03-10 05:29:35,364 DEBUG    root            Chosen display Format:default json
2024-03-10 05:29:35,365 INFO     root            Display format: "default json"
2024-03-10 05:29:35,365 INFO     ___FILE_ONLY___ {
  "configuration": {
    "active_configuration": "default",
    "properties": {
      "compute": {
        "region": "asia-southeast1"
      },
      "core": {
        "account": "564706877122-compute@developer.gserviceaccount.com",
        "disable_usage_reporting": "True",
        "project": "brave-watch-414204"
      },
      "dataproc": {
        "region": "asia-southeast1"
      }
    }
  },
  "credential": {
    "access_token": "ya29.c.c0AY_VpZhyZSz76WLwgfynMlYkqqT96TQJoulhfqEWtyt8dDWjXFIoPgOYTw_D4mGjVeHYS-U5JcUIMVe9FCnXheeJ77FrMvugA67zQj7a7Y7CRoz8aCxqd2ScFyhcQdTOHBl9Hl4Gm4_EbUp4X02-qRiq0sM0yvLBhwukSER6YGiL5sQRm4yS_fuusVZZ4HpgqPjRA7nU8G4IZm0c-ZqKUoU-znuIKFYcVeYN9XJyLTotoyaxlf2PdpxYD-U5Bf8GgXrky8GV4ovOtRO1qtkJUKEqP11UPQ_HuE9-pwzFppk88O5sfDy0_kAWGBxD-XOqj59JwWn3k-hf9a1EToljvJ5sXNKh67-z8WWAgAloM0FtZwNAeLEvYRVS-EgqxFtULiFeBwUR320jJlkY_mLzeuniUOnY_9nch2F2gMhDCQyLeKXxcH3VkEBkwAT451Ka-5nYW_0mwMFzlQWaYYJB13Y08BYmtJYM1cp8FbJosuU1ymevg_R3OpX3dF2yQnSkO2Zq2bydIBdO01879ZopWgVwe8pv4opYf_ttVFx8M-8RWdFIsStbmeS131uBRylXn0-9WWZZFgRatkcgM3dXg9RSXunBF-ZYx-xYxa046Ur4jf8ZrVwYmJhxIhk5uki7R5Bi7exO502z1yds8O5SrZ2-2OS1tiukb08q8pvbseXXwF7yshgZU52inVRIhfmXokXsnqkM-oB27mmc3egIRr_l193SSshMMqcvM5w18VFf6i-2Zp5upl4R886SFFwZzxVF68hIldi1Xb7fvcyF-vsfa2O97a1cyR9n79c8t6tVOwVWUaW4gzV7hZVb2sw35oBZzQBglcQw2jXi7FU1Q06uvbbp_ejdtQc2soInnO4bzFO9mYBvlM42ogfcO_a7UF_sqrFugX-hb4YfIq2roFZrhJaamSd71F8ccItg2Vxhhcbt3mvfoQan9MxI8ujSlsJWoSnSFvhtzak5erJ06noRiOoiOXpF7468X2U6OOafgdZ50w6fO0u",
    "id_token": null,
    "token_expiry": "2024-03-10T06:03:47Z"
  },
  "sentinels": {
    "config_sentinel": "/home/jupyter/.config/gcloud/config_sentinel"
  }
}
2024-03-10 05:29:35,365 INFO     ___FILE_ONLY___ 

2024-03-10 05:29:35,366 DEBUG    root            SDK update checks are disabled.
